2022-10-22 10:49:35.715 DEBUG 25292 --- [restartedMain] o.s.b.f.s.DefaultListableBeanFactory     : Creating shared instance of singleton bean 'org.springframework.boot.autoconfigure.orm.jpa.HibernateJpaConfiguration'
2022-10-22 10:49:35.719 DEBUG 25292 --- [restartedMain] o.s.b.f.s.DefaultListableBeanFactory     : Creating shared instance of singleton bean 'spring.jpa-org.springframework.boot.autoconfigure.orm.jpa.JpaProperties'
2022-10-22 10:49:35.721 DEBUG 25292 --- [restartedMain] o.s.b.f.s.DefaultListableBeanFactory     : Creating shared instance of singleton bean 'spring.jpa.hibernate-org.springframework.boot.autoconfigure.orm.jpa.HibernateProperties'
2022-10-22 10:49:35.723 DEBUG 25292 --- [restartedMain] o.s.b.f.s.DefaultListableBeanFactory     : Autowiring by type from bean name 'org.springframework.boot.autoconfigure.orm.jpa.HibernateJpaConfiguration' via constructor to bean named 'dataSource'
2022-10-22 10:49:35.724 DEBUG 25292 --- [restartedMain] o.s.b.f.s.DefaultListableBeanFactory     : Autowiring by type from bean name 'org.springframework.boot.autoconfigure.orm.jpa.HibernateJpaConfiguration' via constructor to bean named 'spring.jpa-org.springframework.boot.autoconfigure.orm.jpa.JpaProperties'
2022-10-22 10:49:35.724 DEBUG 25292 --- [restartedMain] o.s.b.f.s.DefaultListableBeanFactory     : Autowiring by type from bean name 'org.springframework.boot.autoconfigure.orm.jpa.HibernateJpaConfiguration' via constructor to bean named 'org.springframework.beans.factory.support.DefaultListableBeanFactory@3eabf280'
2022-10-22 10:49:35.724 DEBUG 25292 --- [restartedMain] o.s.b.f.s.DefaultListableBeanFactory     : Autowiring by type from bean name 'org.springframework.boot.autoconfigure.orm.jpa.HibernateJpaConfiguration' via constructor to bean named 'spring.jpa.hibernate-org.springframework.boot.autoconfigure.orm.jpa.HibernateProperties'
2022-10-22 10:49:35.726 DEBUG 25292 --- [restartedMain] o.s.b.f.s.DefaultListableBeanFactory     : Creating shared instance of singleton bean 'hikariPoolDataSourceMetadataProvider'
2022-10-22 10:49:35.726 DEBUG 25292 --- [restartedMain] o.s.b.f.s.DefaultListableBeanFactory     : Creating shared instance of singleton bean 'org.springframework.boot.autoconfigure.jdbc.metadata.DataSourcePoolMetadataProvidersConfiguration$HikariPoolDataSourceMetadataProviderConfiguration'
2022-10-22 10:49:35.730 DEBUG 25292 --- [restartedMain] o.s.b.f.s.DefaultListableBeanFactory     : Creating shared instance of singleton bean 'entityManagerFactoryBuilder'
2022-10-22 10:49:35.731 DEBUG 25292 --- [restartedMain] o.s.b.f.s.DefaultListableBeanFactory     : Creating shared instance of singleton bean 'jpaVendorAdapter'
2022-10-22 10:49:35.732 DEBUG 25292 --- [restartedMain] o.s.b.f.s.DefaultListableBeanFactory     : Autowiring by type from bean name 'entityManagerFactoryBuilder' via factory method to bean named 'jpaVendorAdapter'
2022-10-22 10:49:35.733 DEBUG 25292 --- [restartedMain] o.s.b.f.s.DefaultListableBeanFactory     : Autowiring by type from bean name 'entityManagerFactory' via factory method to bean named 'entityManagerFactoryBuilder'
2022-10-22 10:49:35.733 DEBUG 25292 --- [restartedMain] o.s.jdbc.datasource.DataSourceUtils      : Fetching JDBC Connection from DataSource
2022-10-22 10:49:35.734 DEBUG 25292 --- [restartedMain] com.zaxxer.hikari.HikariConfig           : HikariPool-8 - configuration:
2022-10-22 10:49:35.736 DEBUG 25292 --- [restartedMain] com.zaxxer.hikari.HikariConfig           : allowPoolSuspension................................false
2022-10-22 10:49:35.736 DEBUG 25292 --- [restartedMain] com.zaxxer.hikari.HikariConfig           : autoCommit................................true
2022-10-22 10:49:35.736 DEBUG 25292 --- [restartedMain] com.zaxxer.hikari.HikariConfig           : catalog................................none
2022-10-22 10:49:35.736 DEBUG 25292 --- [restartedMain] com.zaxxer.hikari.HikariConfig           : connectionInitSql................................none
2022-10-22 10:49:35.736 DEBUG 25292 --- [restartedMain] com.zaxxer.hikari.HikariConfig           : connectionTestQuery................................none
2022-10-22 10:49:35.736 DEBUG 25292 --- [restartedMain] com.zaxxer.hikari.HikariConfig           : connectionTimeout................................30000
2022-10-22 10:49:35.736 DEBUG 25292 --- [restartedMain] com.zaxxer.hikari.HikariConfig           : dataSource................................none
2022-10-22 10:49:35.736 DEBUG 25292 --- [restartedMain] com.zaxxer.hikari.HikariConfig           : dataSourceClassName................................none
2022-10-22 10:49:35.736 DEBUG 25292 --- [restartedMain] com.zaxxer.hikari.HikariConfig           : dataSourceJNDI................................none
2022-10-22 10:49:35.737 DEBUG 25292 --- [restartedMain] com.zaxxer.hikari.HikariConfig           : dataSourceProperties................................{password=<masked>}
2022-10-22 10:49:35.737 DEBUG 25292 --- [restartedMain] com.zaxxer.hikari.HikariConfig           : driverClassName................................"com.mysql.cj.jdbc.Driver"
2022-10-22 10:49:35.737 DEBUG 25292 --- [restartedMain] com.zaxxer.hikari.HikariConfig           : exceptionOverrideClassName................................none
2022-10-22 10:49:35.737 DEBUG 25292 --- [restartedMain] com.zaxxer.hikari.HikariConfig           : healthCheckProperties................................{}
2022-10-22 10:49:35.737 DEBUG 25292 --- [restartedMain] com.zaxxer.hikari.HikariConfig           : healthCheckRegistry................................none
2022-10-22 10:49:35.737 DEBUG 25292 --- [restartedMain] com.zaxxer.hikari.HikariConfig           : idleTimeout................................600000
2022-10-22 10:49:35.737 DEBUG 25292 --- [restartedMain] com.zaxxer.hikari.HikariConfig           : initializationFailTimeout................................1
2022-10-22 10:49:35.737 DEBUG 25292 --- [restartedMain] com.zaxxer.hikari.HikariConfig           : isolateInternalQueries................................false
2022-10-22 10:49:35.737 DEBUG 25292 --- [restartedMain] com.zaxxer.hikari.HikariConfig           : jdbcUrl................................jdbc:mysql://localhost:3306/EmployeeProject
2022-10-22 10:49:35.737 DEBUG 25292 --- [restartedMain] com.zaxxer.hikari.HikariConfig           : keepaliveTime................................0
2022-10-22 10:49:35.738 DEBUG 25292 --- [restartedMain] com.zaxxer.hikari.HikariConfig           : leakDetectionThreshold................................0
2022-10-22 10:49:35.738 DEBUG 25292 --- [restartedMain] com.zaxxer.hikari.HikariConfig           : maxLifetime................................1800000
2022-10-22 10:49:35.738 DEBUG 25292 --- [restartedMain] com.zaxxer.hikari.HikariConfig           : maximumPoolSize................................10
2022-10-22 10:49:35.738 DEBUG 25292 --- [restartedMain] com.zaxxer.hikari.HikariConfig           : metricRegistry................................none
2022-10-22 10:49:35.738 DEBUG 25292 --- [restartedMain] com.zaxxer.hikari.HikariConfig           : metricsTrackerFactory................................none
2022-10-22 10:49:35.738 DEBUG 25292 --- [restartedMain] com.zaxxer.hikari.HikariConfig           : minimumIdle................................10
2022-10-22 10:49:35.738 DEBUG 25292 --- [restartedMain] com.zaxxer.hikari.HikariConfig           : password................................<masked>
2022-10-22 10:49:35.738 DEBUG 25292 --- [restartedMain] com.zaxxer.hikari.HikariConfig           : poolName................................"HikariPool-8"
2022-10-22 10:49:35.738 DEBUG 25292 --- [restartedMain] com.zaxxer.hikari.HikariConfig           : readOnly................................false
2022-10-22 10:49:35.738 DEBUG 25292 --- [restartedMain] com.zaxxer.hikari.HikariConfig           : registerMbeans................................false
2022-10-22 10:49:35.738 DEBUG 25292 --- [restartedMain] com.zaxxer.hikari.HikariConfig           : scheduledExecutor................................none
2022-10-22 10:49:35.738 DEBUG 25292 --- [restartedMain] com.zaxxer.hikari.HikariConfig           : schema................................none
2022-10-22 10:49:35.738 DEBUG 25292 --- [restartedMain] com.zaxxer.hikari.HikariConfig           : threadFactory................................internal
2022-10-22 10:49:35.738 DEBUG 25292 --- [restartedMain] com.zaxxer.hikari.HikariConfig           : transactionIsolation................................default
2022-10-22 10:49:35.738 DEBUG 25292 --- [restartedMain] com.zaxxer.hikari.HikariConfig           : username................................"root"
2022-10-22 10:49:35.738 DEBUG 25292 --- [restartedMain] com.zaxxer.hikari.HikariConfig           : validationTimeout................................5000
2022-10-22 10:49:35.738  INFO 25292 --- [restartedMain] com.zaxxer.hikari.HikariDataSource       : HikariPool-8 - Starting...
2022-10-22 10:49:35.755 DEBUG 25292 --- [restartedMain] com.zaxxer.hikari.pool.HikariPool        : HikariPool-8 - Added connection com.mysql.cj.jdbc.ConnectionImpl@25abb786
2022-10-22 10:49:35.756  INFO 25292 --- [restartedMain] com.zaxxer.hikari.HikariDataSource       : HikariPool-8 - Start completed.
2022-10-22 10:49:35.763 DEBUG 25292 --- [restartedMain] j.LocalContainerEntityManagerFactoryBean : Building JPA container EntityManagerFactory for persistence unit 'default'
2022-10-22 10:49:35.764 DEBUG 25292 --- [restartedMain] o.hibernate.jpa.internal.util.LogHelper  : PersistenceUnitInfo [
	name: default
	persistence provider classname: null
	classloader: org.springframework.boot.devtools.restart.classloader.RestartClassLoader@6e84f747
	excludeUnlistedClasses: true
	JTA datasource: null
	Non JTA datasource: HikariDataSource (HikariPool-8)
	Transaction type: RESOURCE_LOCAL
	PU root URL: file:/C:/Microsoft/Class/Projects/4.%20CSVgenerator/EmployeeManage/EmployeeManage/target/classes/
	Shared Cache Mode: UNSPECIFIED
	Validation Mode: AUTO
	Jar files URLs []
	Managed classes names [
		com.employeemanagement.entity.Employee]
	Mapping files names []
	Properties []
2022-10-22 10:49:35.765 DEBUG 25292 --- [restartedMain] o.h.i.internal.IntegratorServiceImpl     : Adding Integrator [org.hibernate.cfg.beanvalidation.BeanValidationIntegrator].
2022-10-22 10:49:35.765 DEBUG 25292 --- [restartedMain] o.h.i.internal.IntegratorServiceImpl     : Adding Integrator [org.hibernate.secure.spi.JaccIntegrator].
2022-10-22 10:49:35.765 DEBUG 25292 --- [restartedMain] o.h.i.internal.IntegratorServiceImpl     : Adding Integrator [org.hibernate.cache.internal.CollectionCacheInvalidator].
2022-10-22 10:49:35.768 DEBUG 25292 --- [restartedMain] o.hibernate.service.spi.ServiceBinding   : Overriding existing service binding [org.hibernate.secure.spi.JaccService]
2022-10-22 10:49:35.768 DEBUG 25292 --- [restartedMain] o.h.c.internal.RegionFactoryInitiator    : Cannot default RegionFactory based on registered strategies as `[]` RegionFactory strategies were registered
2022-10-22 10:49:35.768 DEBUG 25292 --- [restartedMain] o.h.c.internal.RegionFactoryInitiator    : Cache region factory : org.hibernate.cache.internal.NoCachingRegionFactory
2022-10-22 10:49:35.768 DEBUG 25292 --- [restartedMain] org.hibernate.type.BasicTypeRegistry     : Adding type registration boolean -> org.hibernate.type.BooleanType@4bc7bd
2022-10-22 10:49:35.768 DEBUG 25292 --- [restartedMain] org.hibernate.type.BasicTypeRegistry     : Adding type registration boolean -> org.hibernate.type.BooleanType@4bc7bd
2022-10-22 10:49:35.768 DEBUG 25292 --- [restartedMain] org.hibernate.type.BasicTypeRegistry     : Adding type registration java.lang.Boolean -> org.hibernate.type.BooleanType@4bc7bd
2022-10-22 10:49:35.768 DEBUG 25292 --- [restartedMain] org.hibernate.type.BasicTypeRegistry     : Adding type registration numeric_boolean -> org.hibernate.type.NumericBooleanType@37d0e308
2022-10-22 10:49:35.768 DEBUG 25292 --- [restartedMain] org.hibernate.type.BasicTypeRegistry     : Adding type registration true_false -> org.hibernate.type.TrueFalseType@45001481
2022-10-22 10:49:35.768 DEBUG 25292 --- [restartedMain] org.hibernate.type.BasicTypeRegistry     : Adding type registration yes_no -> org.hibernate.type.YesNoType@1867c315
2022-10-22 10:49:35.768 DEBUG 25292 --- [restartedMain] org.hibernate.type.BasicTypeRegistry     : Adding type registration byte -> org.hibernate.type.ByteType@464f998b
2022-10-22 10:49:35.768 DEBUG 25292 --- [restartedMain] org.hibernate.type.BasicTypeRegistry     : Adding type registration byte -> org.hibernate.type.ByteType@464f998b
2022-10-22 10:49:35.768 DEBUG 25292 --- [restartedMain] org.hibernate.type.BasicTypeRegistry     : Adding type registration java.lang.Byte -> org.hibernate.type.ByteType@464f998b
2022-10-22 10:49:35.768 DEBUG 25292 --- [restartedMain] org.hibernate.type.BasicTypeRegistry     : Adding type registration character -> org.hibernate.type.CharacterType@76b7fae9
2022-10-22 10:49:35.768 DEBUG 25292 --- [restartedMain] org.hibernate.type.BasicTypeRegistry     : Adding type registration char -> org.hibernate.type.CharacterType@76b7fae9
2022-10-22 10:49:35.769 DEBUG 25292 --- [restartedMain] org.hibernate.type.BasicTypeRegistry     : Adding type registration java.lang.Character -> org.hibernate.type.CharacterType@76b7fae9
2022-10-22 10:49:35.769 DEBUG 25292 --- [restartedMain] org.hibernate.type.BasicTypeRegistry     : Adding type registration short -> org.hibernate.type.ShortType@33564ca2
2022-10-22 10:49:35.769 DEBUG 25292 --- [restartedMain] org.hibernate.type.BasicTypeRegistry     : Adding type registration short -> org.hibernate.type.ShortType@33564ca2
2022-10-22 10:49:35.769 DEBUG 25292 --- [restartedMain] org.hibernate.type.BasicTypeRegistry     : Adding type registration java.lang.Short -> org.hibernate.type.ShortType@33564ca2
2022-10-22 10:49:35.769 DEBUG 25292 --- [restartedMain] org.hibernate.type.BasicTypeRegistry     : Adding type registration integer -> org.hibernate.type.IntegerType@150f5eb6
2022-10-22 10:49:35.769 DEBUG 25292 --- [restartedMain] org.hibernate.type.BasicTypeRegistry     : Adding type registration int -> org.hibernate.type.IntegerType@150f5eb6
2022-10-22 10:49:35.769 DEBUG 25292 --- [restartedMain] org.hibernate.type.BasicTypeRegistry     : Adding type registration java.lang.Integer -> org.hibernate.type.IntegerType@150f5eb6
2022-10-22 10:49:35.769 DEBUG 25292 --- [restartedMain] org.hibernate.type.BasicTypeRegistry     : Adding type registration long -> org.hibernate.type.LongType@2fb61e5d
2022-10-22 10:49:35.769 DEBUG 25292 --- [restartedMain] org.hibernate.type.BasicTypeRegistry     : Adding type registration long -> org.hibernate.type.LongType@2fb61e5d
2022-10-22 10:49:35.769 DEBUG 25292 --- [restartedMain] org.hibernate.type.BasicTypeRegistry     : Adding type registration java.lang.Long -> org.hibernate.type.LongType@2fb61e5d
2022-10-22 10:49:35.769 DEBUG 25292 --- [restartedMain] org.hibernate.type.BasicTypeRegistry     : Adding type registration float -> org.hibernate.type.FloatType@661fc9f0
2022-10-22 10:49:35.769 DEBUG 25292 --- [restartedMain] org.hibernate.type.BasicTypeRegistry     : Adding type registration float -> org.hibernate.type.FloatType@661fc9f0
2022-10-22 10:49:35.769 DEBUG 25292 --- [restartedMain] org.hibernate.type.BasicTypeRegistry     : Adding type registration java.lang.Float -> org.hibernate.type.FloatType@661fc9f0
2022-10-22 10:49:35.769 DEBUG 25292 --- [restartedMain] org.hibernate.type.BasicTypeRegistry     : Adding type registration double -> org.hibernate.type.DoubleType@67adbacd
2022-10-22 10:49:35.769 DEBUG 25292 --- [restartedMain] org.hibernate.type.BasicTypeRegistry     : Adding type registration double -> org.hibernate.type.DoubleType@67adbacd
2022-10-22 10:49:35.769 DEBUG 25292 --- [restartedMain] org.hibernate.type.BasicTypeRegistry     : Adding type registration java.lang.Double -> org.hibernate.type.DoubleType@67adbacd
2022-10-22 10:49:35.769 DEBUG 25292 --- [restartedMain] org.hibernate.type.BasicTypeRegistry     : Adding type registration big_decimal -> org.hibernate.type.BigDecimalType@838a260
2022-10-22 10:49:35.769 DEBUG 25292 --- [restartedMain] org.hibernate.type.BasicTypeRegistry     : Adding type registration java.math.BigDecimal -> org.hibernate.type.BigDecimalType@838a260
2022-10-22 10:49:35.769 DEBUG 25292 --- [restartedMain] org.hibernate.type.BasicTypeRegistry     : Adding type registration big_integer -> org.hibernate.type.BigIntegerType@17e311cc
2022-10-22 10:49:35.769 DEBUG 25292 --- [restartedMain] org.hibernate.type.BasicTypeRegistry     : Adding type registration java.math.BigInteger -> org.hibernate.type.BigIntegerType@17e311cc
2022-10-22 10:49:35.769 DEBUG 25292 --- [restartedMain] org.hibernate.type.BasicTypeRegistry     : Adding type registration string -> org.hibernate.type.StringType@fab1a89
2022-10-22 10:49:35.769 DEBUG 25292 --- [restartedMain] org.hibernate.type.BasicTypeRegistry     : Adding type registration java.lang.String -> org.hibernate.type.StringType@fab1a89
2022-10-22 10:49:35.769 DEBUG 25292 --- [restartedMain] org.hibernate.type.BasicTypeRegistry     : Adding type registration nstring -> org.hibernate.type.StringNVarcharType@5daa263
2022-10-22 10:49:35.769 DEBUG 25292 --- [restartedMain] org.hibernate.type.BasicTypeRegistry     : Adding type registration ncharacter -> org.hibernate.type.CharacterNCharType@483c3b1a
2022-10-22 10:49:35.769 DEBUG 25292 --- [restartedMain] org.hibernate.type.BasicTypeRegistry     : Adding type registration url -> org.hibernate.type.UrlType@47de2ea0
2022-10-22 10:49:35.769 DEBUG 25292 --- [restartedMain] org.hibernate.type.BasicTypeRegistry     : Adding type registration java.net.URL -> org.hibernate.type.UrlType@47de2ea0
2022-10-22 10:49:35.769 DEBUG 25292 --- [restartedMain] org.hibernate.type.BasicTypeRegistry     : Adding type registration Duration -> org.hibernate.type.DurationType@10761b80
2022-10-22 10:49:35.769 DEBUG 25292 --- [restartedMain] org.hibernate.type.BasicTypeRegistry     : Adding type registration java.time.Duration -> org.hibernate.type.DurationType@10761b80
2022-10-22 10:49:35.769 DEBUG 25292 --- [restartedMain] org.hibernate.type.BasicTypeRegistry     : Adding type registration Instant -> org.hibernate.type.InstantType@40ef6a57
2022-10-22 10:49:35.769 DEBUG 25292 --- [restartedMain] org.hibernate.type.BasicTypeRegistry     : Adding type registration java.time.Instant -> org.hibernate.type.InstantType@40ef6a57
2022-10-22 10:49:35.770 DEBUG 25292 --- [restartedMain] org.hibernate.type.BasicTypeRegistry     : Adding type registration LocalDateTime -> org.hibernate.type.LocalDateTimeType@69a26dbb
2022-10-22 10:49:35.770 DEBUG 25292 --- [restartedMain] org.hibernate.type.BasicTypeRegistry     : Adding type registration java.time.LocalDateTime -> org.hibernate.type.LocalDateTimeType@69a26dbb
2022-10-22 10:49:35.770 DEBUG 25292 --- [restartedMain] org.hibernate.type.BasicTypeRegistry     : Adding type registration LocalDate -> org.hibernate.type.LocalDateType@5f3ff501
2022-10-22 10:49:35.770 DEBUG 25292 --- [restartedMain] org.hibernate.type.BasicTypeRegistry     : Adding type registration java.time.LocalDate -> org.hibernate.type.LocalDateType@5f3ff501
2022-10-22 10:49:35.770 DEBUG 25292 --- [restartedMain] org.hibernate.type.BasicTypeRegistry     : Adding type registration LocalTime -> org.hibernate.type.LocalTimeType@7f355f7d
2022-10-22 10:49:35.770 DEBUG 25292 --- [restartedMain] org.hibernate.type.BasicTypeRegistry     : Adding type registration java.time.LocalTime -> org.hibernate.type.LocalTimeType@7f355f7d
2022-10-22 10:49:35.770 DEBUG 25292 --- [restartedMain] org.hibernate.type.BasicTypeRegistry     : Adding type registration OffsetDateTime -> org.hibernate.type.OffsetDateTimeType@44b33f1e
2022-10-22 10:49:35.770 DEBUG 25292 --- [restartedMain] org.hibernate.type.BasicTypeRegistry     : Adding type registration java.time.OffsetDateTime -> org.hibernate.type.OffsetDateTimeType@44b33f1e
2022-10-22 10:49:35.770 DEBUG 25292 --- [restartedMain] org.hibernate.type.BasicTypeRegistry     : Adding type registration OffsetTime -> org.hibernate.type.OffsetTimeType@3e864d86
2022-10-22 10:49:35.770 DEBUG 25292 --- [restartedMain] org.hibernate.type.BasicTypeRegistry     : Adding type registration java.time.OffsetTime -> org.hibernate.type.OffsetTimeType@3e864d86
2022-10-22 10:49:35.770 DEBUG 25292 --- [restartedMain] org.hibernate.type.BasicTypeRegistry     : Adding type registration ZonedDateTime -> org.hibernate.type.ZonedDateTimeType@1e3130aa
2022-10-22 10:49:35.770 DEBUG 25292 --- [restartedMain] org.hibernate.type.BasicTypeRegistry     : Adding type registration java.time.ZonedDateTime -> org.hibernate.type.ZonedDateTimeType@1e3130aa
2022-10-22 10:49:35.770 DEBUG 25292 --- [restartedMain] org.hibernate.type.BasicTypeRegistry     : Adding type registration date -> org.hibernate.type.DateType@4b2a5aa6
2022-10-22 10:49:35.770 DEBUG 25292 --- [restartedMain] org.hibernate.type.BasicTypeRegistry     : Adding type registration java.sql.Date -> org.hibernate.type.DateType@4b2a5aa6
2022-10-22 10:49:35.770 DEBUG 25292 --- [restartedMain] org.hibernate.type.BasicTypeRegistry     : Adding type registration time -> org.hibernate.type.TimeType@16bcd712
2022-10-22 10:49:35.770 DEBUG 25292 --- [restartedMain] org.hibernate.type.BasicTypeRegistry     : Adding type registration java.sql.Time -> org.hibernate.type.TimeType@16bcd712
2022-10-22 10:49:35.770 DEBUG 25292 --- [restartedMain] org.hibernate.type.BasicTypeRegistry     : Adding type registration timestamp -> org.hibernate.type.TimestampType@1ada523e
2022-10-22 10:49:35.770 DEBUG 25292 --- [restartedMain] org.hibernate.type.BasicTypeRegistry     : Adding type registration java.sql.Timestamp -> org.hibernate.type.TimestampType@1ada523e
2022-10-22 10:49:35.770 DEBUG 25292 --- [restartedMain] org.hibernate.type.BasicTypeRegistry     : Adding type registration java.util.Date -> org.hibernate.type.TimestampType@1ada523e
2022-10-22 10:49:35.770 DEBUG 25292 --- [restartedMain] org.hibernate.type.BasicTypeRegistry     : Adding type registration dbtimestamp -> org.hibernate.type.DbTimestampType@d7985af
2022-10-22 10:49:35.770 DEBUG 25292 --- [restartedMain] org.hibernate.type.BasicTypeRegistry     : Adding type registration calendar -> org.hibernate.type.CalendarType@149f11cc
2022-10-22 10:49:35.770 DEBUG 25292 --- [restartedMain] org.hibernate.type.BasicTypeRegistry     : Adding type registration java.util.Calendar -> org.hibernate.type.CalendarType@149f11cc
2022-10-22 10:49:35.770 DEBUG 25292 --- [restartedMain] org.hibernate.type.BasicTypeRegistry     : Adding type registration java.util.GregorianCalendar -> org.hibernate.type.CalendarType@149f11cc
2022-10-22 10:49:35.770 DEBUG 25292 --- [restartedMain] org.hibernate.type.BasicTypeRegistry     : Adding type registration calendar_date -> org.hibernate.type.CalendarDateType@64eb500a
2022-10-22 10:49:35.770 DEBUG 25292 --- [restartedMain] org.hibernate.type.BasicTypeRegistry     : Adding type registration calendar_time -> org.hibernate.type.CalendarTimeType@2c68b50b
2022-10-22 10:49:35.770 DEBUG 25292 --- [restartedMain] org.hibernate.type.BasicTypeRegistry     : Adding type registration locale -> org.hibernate.type.LocaleType@6dfd09d4
