2022-10-22 10:41:08.670  INFO 25292 --- [Thread-19] o.apache.catalina.core.StandardService   : Stopping service [Tomcat]
2022-10-22 10:41:08.679  INFO 25292 --- [Thread-19] j.LocalContainerEntityManagerFactoryBean : Closing JPA EntityManagerFactory for persistence unit 'default'
2022-10-22 10:41:08.680  INFO 25292 --- [Thread-19] com.zaxxer.hikari.HikariDataSource       : HikariPool-5 - Shutdown initiated...
2022-10-22 10:41:08.687  INFO 25292 --- [Thread-19] com.zaxxer.hikari.HikariDataSource       : HikariPool-5 - Shutdown completed.
2022-10-22 10:41:08.773  INFO 25292 --- [restartedMain] c.e.EmployeeManageApplication            : Starting EmployeeManageApplication using Java 17.0.4.1 on DESKTOP-EJ3831I with PID 25292 (C:\Microsoft\Class\Projects\4. CSVgenerator\EmployeeManage\EmployeeManage\target\classes started by AAPLL1 in C:\Microsoft\Class\Projects\4. CSVgenerator\EmployeeManage\EmployeeManage)
2022-10-22 10:41:08.775  INFO 25292 --- [restartedMain] c.e.EmployeeManageApplication            : No active profile set, falling back to 1 default profile: "default"
2022-10-22 10:41:09.031  INFO 25292 --- [restartedMain] .s.d.r.c.RepositoryConfigurationDelegate : Bootstrapping Spring Data JPA repositories in DEFAULT mode.
2022-10-22 10:41:09.043  INFO 25292 --- [restartedMain] .s.d.r.c.RepositoryConfigurationDelegate : Finished Spring Data repository scanning in 12 ms. Found 1 JPA repository interfaces.
2022-10-22 10:41:09.124  INFO 25292 --- [restartedMain] o.s.b.w.embedded.tomcat.TomcatWebServer  : Tomcat initialized with port(s): 8082 (http)
2022-10-22 10:41:09.124  INFO 25292 --- [restartedMain] o.apache.catalina.core.StandardService   : Starting service [Tomcat]
2022-10-22 10:41:09.124  INFO 25292 --- [restartedMain] org.apache.catalina.core.StandardEngine  : Starting Servlet engine: [Apache Tomcat/9.0.65]
2022-10-22 10:41:09.152  INFO 25292 --- [restartedMain] o.a.c.c.C.[Tomcat].[localhost].[/]       : Initializing Spring embedded WebApplicationContext
2022-10-22 10:41:09.152  INFO 25292 --- [restartedMain] w.s.c.ServletWebServerApplicationContext : Root WebApplicationContext: initialization completed in 373 ms
2022-10-22 10:41:09.203  INFO 25292 --- [restartedMain] o.f.c.internal.license.VersionPrinter    : Flyway Community Edition 8.0.5 by Redgate
2022-10-22 10:41:09.203  INFO 25292 --- [restartedMain] o.f.c.i.database.base.BaseDatabaseType   : Database: jdbc:mysql://localhost:3306/EmployeeProject (MySQL 8.0)
2022-10-22 10:41:09.221  INFO 25292 --- [restartedMain] o.f.core.internal.command.DbValidate     : Successfully validated 2 migrations (execution time 00:00.007s)
2022-10-22 10:41:09.232  INFO 25292 --- [restartedMain] o.f.core.internal.command.DbMigrate      : Current version of schema `EmployeeProject`: 1.2
2022-10-22 10:41:09.233  WARN 25292 --- [restartedMain] o.f.core.internal.command.DbMigrate      : Schema `EmployeeProject` has a version (1.2) that is newer than the latest available migration (1.1) !
2022-10-22 10:41:09.234  INFO 25292 --- [restartedMain] o.f.core.internal.command.DbMigrate      : Schema `EmployeeProject` is up to date. No migration necessary.
2022-10-22 10:41:09.257  INFO 25292 --- [restartedMain] com.zaxxer.hikari.HikariDataSource       : HikariPool-6 - Starting...
2022-10-22 10:41:09.274  INFO 25292 --- [restartedMain] com.zaxxer.hikari.HikariDataSource       : HikariPool-6 - Start completed.
2022-10-22 10:41:09.280  INFO 25292 --- [restartedMain] o.hibernate.jpa.internal.util.LogHelper  : HHH000204: Processing PersistenceUnitInfo [name: default]
2022-10-22 10:41:09.293  INFO 25292 --- [restartedMain] org.hibernate.dialect.Dialect            : HHH000400: Using dialect: org.hibernate.dialect.MySQLDialect
2022-10-22 10:41:09.323  INFO 25292 --- [restartedMain] o.h.e.t.j.p.i.JtaPlatformInitiator       : HHH000490: Using JtaPlatform implementation: [org.hibernate.engine.transaction.jta.platform.internal.NoJtaPlatform]
2022-10-22 10:41:09.324  INFO 25292 --- [restartedMain] j.LocalContainerEntityManagerFactoryBean : Initialized JPA EntityManagerFactory for persistence unit 'default'
2022-10-22 10:41:09.495  WARN 25292 --- [restartedMain] JpaBaseConfiguration$JpaWebConfiguration : spring.jpa.open-in-view is enabled by default. Therefore, database queries may be performed during view rendering. Explicitly configure spring.jpa.open-in-view to disable this warning
2022-10-22 10:41:09.536  INFO 25292 --- [restartedMain] pertySourcedRequestMappingHandlerMapping : Mapped URL path [/v2/api-docs] onto method [springfox.documentation.swagger2.web.Swagger2Controller#getDocumentation(String, HttpServletRequest)]
2022-10-22 10:41:09.564  INFO 25292 --- [restartedMain] o.s.b.d.a.OptionalLiveReloadServer       : LiveReload server is running on port 35729
2022-10-22 10:41:09.633  INFO 25292 --- [restartedMain] o.s.b.w.embedded.tomcat.TomcatWebServer  : Tomcat started on port(s): 8082 (http) with context path ''
2022-10-22 10:41:09.634  INFO 25292 --- [restartedMain] d.s.w.p.DocumentationPluginsBootstrapper : Context refreshed
2022-10-22 10:41:09.634  INFO 25292 --- [restartedMain] d.s.w.p.DocumentationPluginsBootstrapper : Found 1 custom documentation plugin(s)
2022-10-22 10:41:09.639  INFO 25292 --- [restartedMain] s.d.s.w.s.ApiListingReferenceScanner     : Scanning for api listing references
2022-10-22 10:41:09.663  INFO 25292 --- [restartedMain] c.e.EmployeeManageApplication            : Started EmployeeManageApplication in 0.926 seconds (JVM running for 143.452)
2022-10-22 10:41:09.770  INFO 25292 --- [restartedMain] .ConditionEvaluationDeltaLoggingListener : Condition evaluation unchanged
2022-10-22 10:47:40.810  INFO 25292 --- [File Watcher] rtingClassPathChangeChangedEventListener : Restarting due to 1 class path change (0 additions, 0 deletions, 1 modification)
2022-10-22 10:47:40.826  INFO 25292 --- [Thread-23] o.apache.catalina.core.StandardService   : Stopping service [Tomcat]
2022-10-22 10:47:40.833  INFO 25292 --- [Thread-23] j.LocalContainerEntityManagerFactoryBean : Closing JPA EntityManagerFactory for persistence unit 'default'
2022-10-22 10:47:40.835  INFO 25292 --- [Thread-23] com.zaxxer.hikari.HikariDataSource       : HikariPool-6 - Shutdown initiated...
2022-10-22 10:47:40.842  INFO 25292 --- [Thread-23] com.zaxxer.hikari.HikariDataSource       : HikariPool-6 - Shutdown completed.
2022-10-22 10:47:40.929  INFO 25292 --- [restartedMain] c.e.EmployeeManageApplication            : Starting EmployeeManageApplication using Java 17.0.4.1 on DESKTOP-EJ3831I with PID 25292 (C:\Microsoft\Class\Projects\4. CSVgenerator\EmployeeManage\EmployeeManage\target\classes started by AAPLL1 in C:\Microsoft\Class\Projects\4. CSVgenerator\EmployeeManage\EmployeeManage)
2022-10-22 10:47:40.929  INFO 25292 --- [restartedMain] c.e.EmployeeManageApplication            : No active profile set, falling back to 1 default profile: "default"
2022-10-22 10:47:41.176  INFO 25292 --- [restartedMain] .s.d.r.c.RepositoryConfigurationDelegate : Bootstrapping Spring Data JPA repositories in DEFAULT mode.
2022-10-22 10:47:41.192  INFO 25292 --- [restartedMain] .s.d.r.c.RepositoryConfigurationDelegate : Finished Spring Data repository scanning in 15 ms. Found 1 JPA repository interfaces.
2022-10-22 10:47:41.309  INFO 25292 --- [restartedMain] o.s.b.w.embedded.tomcat.TomcatWebServer  : Tomcat initialized with port(s): 8082 (http)
2022-10-22 10:47:41.310  INFO 25292 --- [restartedMain] o.apache.catalina.core.StandardService   : Starting service [Tomcat]
2022-10-22 10:47:41.310  INFO 25292 --- [restartedMain] org.apache.catalina.core.StandardEngine  : Starting Servlet engine: [Apache Tomcat/9.0.65]
2022-10-22 10:47:41.340  INFO 25292 --- [restartedMain] o.a.c.c.C.[Tomcat].[localhost].[/]       : Initializing Spring embedded WebApplicationContext
2022-10-22 10:47:41.340  INFO 25292 --- [restartedMain] w.s.c.ServletWebServerApplicationContext : Root WebApplicationContext: initialization completed in 409 ms
2022-10-22 10:47:41.382  INFO 25292 --- [restartedMain] o.f.c.internal.license.VersionPrinter    : Flyway Community Edition 8.0.5 by Redgate
2022-10-22 10:47:41.382  INFO 25292 --- [restartedMain] o.f.c.i.database.base.BaseDatabaseType   : Database: jdbc:mysql://localhost:3306/EmployeeProject (MySQL 8.0)
2022-10-22 10:47:41.398  INFO 25292 --- [restartedMain] o.f.core.internal.command.DbValidate     : Successfully validated 2 migrations (execution time 00:00.006s)
2022-10-22 10:47:41.407  INFO 25292 --- [restartedMain] o.f.core.internal.command.DbMigrate      : Current version of schema `EmployeeProject`: 1.2
2022-10-22 10:47:41.408  WARN 25292 --- [restartedMain] o.f.core.internal.command.DbMigrate      : Schema `EmployeeProject` has a version (1.2) that is newer than the latest available migration (1.1) !
2022-10-22 10:47:41.408  INFO 25292 --- [restartedMain] o.f.core.internal.command.DbMigrate      : Schema `EmployeeProject` is up to date. No migration necessary.
2022-10-22 10:47:41.427  INFO 25292 --- [restartedMain] com.zaxxer.hikari.HikariDataSource       : HikariPool-7 - Starting...
2022-10-22 10:47:41.445  INFO 25292 --- [restartedMain] com.zaxxer.hikari.HikariDataSource       : HikariPool-7 - Start completed.
2022-10-22 10:47:41.450  INFO 25292 --- [restartedMain] o.hibernate.jpa.internal.util.LogHelper  : HHH000204: Processing PersistenceUnitInfo [name: default]
2022-10-22 10:47:41.458  INFO 25292 --- [restartedMain] org.hibernate.dialect.Dialect            : HHH000400: Using dialect: org.hibernate.dialect.MySQLDialect
2022-10-22 10:47:41.478  INFO 25292 --- [restartedMain] o.h.e.t.j.p.i.JtaPlatformInitiator       : HHH000490: Using JtaPlatform implementation: [org.hibernate.engine.transaction.jta.platform.internal.NoJtaPlatform]
2022-10-22 10:47:41.479  INFO 25292 --- [restartedMain] j.LocalContainerEntityManagerFactoryBean : Initialized JPA EntityManagerFactory for persistence unit 'default'
2022-10-22 10:47:41.604  WARN 25292 --- [restartedMain] JpaBaseConfiguration$JpaWebConfiguration : spring.jpa.open-in-view is enabled by default. Therefore, database queries may be performed during view rendering. Explicitly configure spring.jpa.open-in-view to disable this warning
2022-10-22 10:47:41.634  INFO 25292 --- [restartedMain] pertySourcedRequestMappingHandlerMapping : Mapped URL path [/v2/api-docs] onto method [springfox.documentation.swagger2.web.Swagger2Controller#getDocumentation(String, HttpServletRequest)]
2022-10-22 10:47:41.659  INFO 25292 --- [restartedMain] o.s.b.d.a.OptionalLiveReloadServer       : LiveReload server is running on port 35729
2022-10-22 10:47:41.723  INFO 25292 --- [restartedMain] o.s.b.w.embedded.tomcat.TomcatWebServer  : Tomcat started on port(s): 8082 (http) with context path ''
2022-10-22 10:47:41.723  INFO 25292 --- [restartedMain] d.s.w.p.DocumentationPluginsBootstrapper : Context refreshed
2022-10-22 10:47:41.725  INFO 25292 --- [restartedMain] d.s.w.p.DocumentationPluginsBootstrapper : Found 1 custom documentation plugin(s)
2022-10-22 10:47:41.729  INFO 25292 --- [restartedMain] s.d.s.w.s.ApiListingReferenceScanner     : Scanning for api listing references
2022-10-22 10:47:41.755  INFO 25292 --- [restartedMain] c.e.EmployeeManageApplication            : Started EmployeeManageApplication in 0.858 seconds (JVM running for 535.544)
2022-10-22 10:47:42.012  INFO 25292 --- [restartedMain] .ConditionEvaluationDeltaLoggingListener : Condition evaluation unchanged
2022-10-22 10:49:34.897  INFO 25292 --- [File Watcher] rtingClassPathChangeChangedEventListener : Restarting due to 1 class path change (0 additions, 0 deletions, 1 modification)
2022-10-22 10:49:34.918  INFO 25292 --- [Thread-27] o.apache.catalina.core.StandardService   : Stopping service [Tomcat]
2022-10-22 10:49:34.926  INFO 25292 --- [Thread-27] j.LocalContainerEntityManagerFactoryBean : Closing JPA EntityManagerFactory for persistence unit 'default'
2022-10-22 10:49:34.927  INFO 25292 --- [Thread-27] com.zaxxer.hikari.HikariDataSource       : HikariPool-7 - Shutdown initiated...
2022-10-22 10:49:34.933  INFO 25292 --- [Thread-27] com.zaxxer.hikari.HikariDataSource       : HikariPool-7 - Shutdown completed.
2022-10-22 10:49:35.033  INFO 25292 --- [restartedMain] c.e.EmployeeManageApplication            : Starting EmployeeManageApplication using Java 17.0.4.1 on DESKTOP-EJ3831I with PID 25292 (C:\Microsoft\Class\Projects\4. CSVgenerator\EmployeeManage\EmployeeManage\target\classes started by AAPLL1 in C:\Microsoft\Class\Projects\4. CSVgenerator\EmployeeManage\EmployeeManage)
2022-10-22 10:49:35.033 DEBUG 25292 --- [restartedMain] c.e.EmployeeManageApplication            : Running with Spring Boot v2.6.12, Spring v5.3.23
2022-10-22 10:49:35.033  INFO 25292 --- [restartedMain] c.e.EmployeeManageApplication            : No active profile set, falling back to 1 default profile: "default"
2022-10-22 10:49:35.033 DEBUG 25292 --- [restartedMain] o.s.boot.SpringApplication               : Loading source class com.employeemanagement.EmployeeManageApplication
2022-10-22 10:49:35.036 DEBUG 25292 --- [restartedMain] ConfigServletWebServerApplicationContext : Refreshing org.springframework.boot.web.servlet.context.AnnotationConfigServletWebServerApplicationContext@11ce4c50
2022-10-22 10:49:35.037 DEBUG 25292 --- [restartedMain] o.s.b.f.s.DefaultListableBeanFactory     : Creating shared instance of singleton bean 'org.springframework.context.annotation.internalConfigurationAnnotationProcessor'
2022-10-22 10:49:35.037 DEBUG 25292 --- [restartedMain] o.s.b.f.s.DefaultListableBeanFactory     : Creating shared instance of singleton bean 'org.springframework.boot.autoconfigure.internalCachingMetadataReaderFactory'
2022-10-22 10:49:35.046 DEBUG 25292 --- [restartedMain] o.s.c.a.ClassPathBeanDefinitionScanner   : Identified candidate component class: file [C:\Microsoft\Class\Projects\4. CSVgenerator\EmployeeManage\EmployeeManage\target\classes\com\employeemanagement\controller\EmployeeController.class]
2022-10-22 10:49:35.050 DEBUG 25292 --- [restartedMain] o.s.c.a.ClassPathBeanDefinitionScanner   : Identified candidate component class: file [C:\Microsoft\Class\Projects\4. CSVgenerator\EmployeeManage\EmployeeManage\target\classes\com\employeemanagement\exception\GlobalExceptionHanling.class]
2022-10-22 10:49:35.052 DEBUG 25292 --- [restartedMain] o.s.c.a.ClassPathBeanDefinitionScanner   : Ignored because not a concrete top-level class: file [C:\Microsoft\Class\Projects\4. CSVgenerator\EmployeeManage\EmployeeManage\target\classes\com\employeemanagement\repo\EmployeeRepo.class]
2022-10-22 10:49:35.052 DEBUG 25292 --- [restartedMain] o.s.c.a.ClassPathBeanDefinitionScanner   : Identified candidate component class: file [C:\Microsoft\Class\Projects\4. CSVgenerator\EmployeeManage\EmployeeManage\target\classes\com\employeemanagement\runner\Runner.class]
2022-10-22 10:49:35.053 DEBUG 25292 --- [restartedMain] o.s.c.a.ClassPathBeanDefinitionScanner   : Identified candidate component class: file [C:\Microsoft\Class\Projects\4. CSVgenerator\EmployeeManage\EmployeeManage\target\classes\com\employeemanagement\service\EmployeeServiceImpl.class]
2022-10-22 10:49:35.055 DEBUG 25292 --- [restartedMain] o.s.c.a.ClassPathBeanDefinitionScanner   : Identified candidate component class: file [C:\Microsoft\Class\Projects\4. CSVgenerator\EmployeeManage\EmployeeManage\target\classes\com\employeemanagement\swagger\Swagger2Config.class]
2022-10-22 10:49:35.069 DEBUG 25292 --- [restartedMain] o.s.c.a.ClassPathBeanDefinitionScanner   : Identified candidate component class: URL [jar:file:/C:/Users/AAPLL1/.m2/repository/io/springfox/springfox-swagger2/2.7.0/springfox-swagger2-2.7.0.jar!/springfox/documentation/swagger2/mappers/LicenseMapperImpl.class]
2022-10-22 10:49:35.071 DEBUG 25292 --- [restartedMain] o.s.c.a.ClassPathBeanDefinitionScanner   : Identified candidate component class: URL [jar:file:/C:/Users/AAPLL1/.m2/repository/io/springfox/springfox-swagger2/2.7.0/springfox-swagger2-2.7.0.jar!/springfox/documentation/swagger2/mappers/ModelMapperImpl.class]
2022-10-22 10:49:35.072 DEBUG 25292 --- [restartedMain] o.s.c.a.ClassPathBeanDefinitionScanner   : Identified candidate component class: URL [jar:file:/C:/Users/AAPLL1/.m2/repository/io/springfox/springfox-swagger2/2.7.0/springfox-swagger2-2.7.0.jar!/springfox/documentation/swagger2/mappers/ParameterMapperImpl.class]
2022-10-22 10:49:35.077 DEBUG 25292 --- [restartedMain] o.s.c.a.ClassPathBeanDefinitionScanner   : Identified candidate component class: URL [jar:file:/C:/Users/AAPLL1/.m2/repository/io/springfox/springfox-swagger2/2.7.0/springfox-swagger2-2.7.0.jar!/springfox/documentation/swagger2/mappers/SecurityMapperImpl.class]
2022-10-22 10:49:35.082 DEBUG 25292 --- [restartedMain] o.s.c.a.ClassPathBeanDefinitionScanner   : Identified candidate component class: URL [jar:file:/C:/Users/AAPLL1/.m2/repository/io/springfox/springfox-swagger2/2.7.0/springfox-swagger2-2.7.0.jar!/springfox/documentation/swagger2/mappers/ServiceModelToSwagger2MapperImpl.class]
2022-10-22 10:49:35.083 DEBUG 25292 --- [restartedMain] o.s.c.a.ClassPathBeanDefinitionScanner   : Identified candidate component class: URL [jar:file:/C:/Users/AAPLL1/.m2/repository/io/springfox/springfox-swagger2/2.7.0/springfox-swagger2-2.7.0.jar!/springfox/documentation/swagger2/mappers/VendorExtensionsMapperImpl.class]
2022-10-22 10:49:35.098 DEBUG 25292 --- [restartedMain] o.s.c.a.ClassPathBeanDefinitionScanner   : Identified candidate component class: URL [jar:file:/C:/Users/AAPLL1/.m2/repository/io/springfox/springfox-spring-web/2.7.0/springfox-spring-web-2.7.0.jar!/springfox/documentation/spring/web/scanners/ApiDescriptionLookup.class]
2022-10-22 10:49:35.098 DEBUG 25292 --- [restartedMain] o.s.c.a.ClassPathBeanDefinitionScanner   : Identified candidate component class: URL [jar:file:/C:/Users/AAPLL1/.m2/repository/io/springfox/springfox-spring-web/2.7.0/springfox-spring-web-2.7.0.jar!/springfox/documentation/spring/web/scanners/ApiDescriptionReader.class]
2022-10-22 10:49:35.099 DEBUG 25292 --- [restartedMain] o.s.c.a.ClassPathBeanDefinitionScanner   : Identified candidate component class: URL [jar:file:/C:/Users/AAPLL1/.m2/repository/io/springfox/springfox-spring-web/2.7.0/springfox-spring-web-2.7.0.jar!/springfox/documentation/spring/web/scanners/ApiDocumentationScanner.class]
2022-10-22 10:49:35.101 DEBUG 25292 --- [restartedMain] o.s.c.a.ClassPathBeanDefinitionScanner   : Identified candidate component class: URL [jar:file:/C:/Users/AAPLL1/.m2/repository/io/springfox/springfox-spring-web/2.7.0/springfox-spring-web-2.7.0.jar!/springfox/documentation/spring/web/scanners/ApiListingReader.class]
2022-10-22 10:49:35.102 DEBUG 25292 --- [restartedMain] o.s.c.a.ClassPathBeanDefinitionScanner   : Identified candidate component class: URL [jar:file:/C:/Users/AAPLL1/.m2/repository/io/springfox/springfox-spring-web/2.7.0/springfox-spring-web-2.7.0.jar!/springfox/documentation/spring/web/scanners/ApiListingReferenceScanner.class]
2022-10-22 10:49:35.103 DEBUG 25292 --- [restartedMain] o.s.c.a.ClassPathBeanDefinitionScanner   : Identified candidate component class: URL [jar:file:/C:/Users/AAPLL1/.m2/repository/io/springfox/springfox-spring-web/2.7.0/springfox-spring-web-2.7.0.jar!/springfox/documentation/spring/web/scanners/ApiListingScanner.class]
2022-10-22 10:49:35.103 DEBUG 25292 --- [restartedMain] o.s.c.a.ClassPathBeanDefinitionScanner   : Identified candidate component class: URL [jar:file:/C:/Users/AAPLL1/.m2/repository/io/springfox/springfox-spring-web/2.7.0/springfox-spring-web-2.7.0.jar!/springfox/documentation/spring/web/scanners/ApiModelReader.class]
2022-10-22 10:49:35.104 DEBUG 25292 --- [restartedMain] o.s.c.a.ClassPathBeanDefinitionScanner   : Identified candidate component class: URL [jar:file:/C:/Users/AAPLL1/.m2/repository/io/springfox/springfox-spring-web/2.7.0/springfox-spring-web-2.7.0.jar!/springfox/documentation/spring/web/scanners/CachingOperationReader.class]
2022-10-22 10:49:35.105 DEBUG 25292 --- [restartedMain] o.s.c.a.ClassPathBeanDefinitionScanner   : Identified candidate component class: URL [jar:file:/C:/Users/AAPLL1/.m2/repository/io/springfox/springfox-spring-web/2.7.0/springfox-spring-web-2.7.0.jar!/springfox/documentation/spring/web/scanners/MediaTypeReader.class]
2022-10-22 10:49:35.107 DEBUG 25292 --- [restartedMain] o.s.c.a.ClassPathBeanDefinitionScanner   : Identified candidate component class: URL [jar:file:/C:/Users/AAPLL1/.m2/repository/io/springfox/springfox-spring-web/2.7.0/springfox-spring-web-2.7.0.jar!/springfox/documentation/spring/web/readers/operation/ApiOperationReader.class]
2022-10-22 10:49:35.108 DEBUG 25292 --- [restartedMain] o.s.c.a.ClassPathBeanDefinitionScanner   : Identified candidate component class: URL [jar:file:/C:/Users/AAPLL1/.m2/repository/io/springfox/springfox-spring-web/2.7.0/springfox-spring-web-2.7.0.jar!/springfox/documentation/spring/web/readers/operation/CachingOperationNameGenerator.class]
2022-10-22 10:49:35.108 DEBUG 25292 --- [restartedMain] o.s.c.a.ClassPathBeanDefinitionScanner   : Identified candidate component class: URL [jar:file:/C:/Users/AAPLL1/.m2/repository/io/springfox/springfox-spring-web/2.7.0/springfox-spring-web-2.7.0.jar!/springfox/documentation/spring/web/readers/operation/DefaultOperationReader.class]
2022-10-22 10:49:35.108 DEBUG 25292 --- [restartedMain] o.s.c.a.ClassPathBeanDefinitionScanner   : Identified candidate component class: URL [jar:file:/C:/Users/AAPLL1/.m2/repository/io/springfox/springfox-spring-web/2.7.0/springfox-spring-web-2.7.0.jar!/springfox/documentation/spring/web/readers/operation/DefaultTagsProvider.class]
2022-10-22 10:49:35.113 DEBUG 25292 --- [restartedMain] o.s.c.a.ClassPathBeanDefinitionScanner   : Identified candidate component class: URL [jar:file:/C:/Users/AAPLL1/.m2/repository/io/springfox/springfox-spring-web/2.7.0/springfox-spring-web-2.7.0.jar!/springfox/documentation/spring/web/readers/operation/OperationDeprecatedReader.class]
2022-10-22 10:49:35.114 DEBUG 25292 --- [restartedMain] o.s.c.a.ClassPathBeanDefinitionScanner   : Identified candidate component class: URL [jar:file:/C:/Users/AAPLL1/.m2/repository/io/springfox/springfox-spring-web/2.7.0/springfox-spring-web-2.7.0.jar!/springfox/documentation/spring/web/readers/operation/OperationModelsProvider.class]
2022-10-22 10:49:35.115 DEBUG 25292 --- [restartedMain] o.s.c.a.ClassPathBeanDefinitionScanner   : Identified candidate component class: URL [jar:file:/C:/Users/AAPLL1/.m2/repository/io/springfox/springfox-spring-web/2.7.0/springfox-spring-web-2.7.0.jar!/springfox/documentation/spring/web/readers/operation/OperationParameterHeadersConditionReader.class]
2022-10-22 10:49:35.116 DEBUG 25292 --- [restartedMain] o.s.c.a.ClassPathBeanDefinitionScanner   : Identified candidate component class: URL [jar:file:/C:/Users/AAPLL1/.m2/repository/io/springfox/springfox-spring-web/2.7.0/springfox-spring-web-2.7.0.jar!/springfox/documentation/spring/web/readers/operation/OperationParameterReader.class]
2022-10-22 10:49:35.116 DEBUG 25292 --- [restartedMain] o.s.c.a.ClassPathBeanDefinitionScanner   : Identified candidate component class: URL [jar:file:/C:/Users/AAPLL1/.m2/repository/io/springfox/springfox-spring-web/2.7.0/springfox-spring-web-2.7.0.jar!/springfox/documentation/spring/web/readers/operation/OperationParameterRequestConditionReader.class]
2022-10-22 10:49:35.117 DEBUG 25292 --- [restartedMain] o.s.c.a.ClassPathBeanDefinitionScanner   : Identified candidate component class: URL [jar:file:/C:/Users/AAPLL1/.m2/repository/io/springfox/springfox-spring-web/2.7.0/springfox-spring-web-2.7.0.jar!/springfox/documentation/spring/web/readers/operation/OperationResponseClassReader.class]
2022-10-22 10:49:35.117 DEBUG 25292 --- [restartedMain] o.s.c.a.ClassPathBeanDefinitionScanner   : Identified candidate component class: URL [jar:file:/C:/Users/AAPLL1/.m2/repository/io/springfox/springfox-spring-web/2.7.0/springfox-spring-web-2.7.0.jar!/springfox/documentation/spring/web/readers/operation/OperationTagsReader.class]
2022-10-22 10:49:35.117 DEBUG 25292 --- [restartedMain] o.s.c.a.ClassPathBeanDefinitionScanner   : Identified candidate component class: URL [jar:file:/C:/Users/AAPLL1/.m2/repository/io/springfox/springfox-spring-web/2.7.0/springfox-spring-web-2.7.0.jar!/springfox/documentation/spring/web/readers/operation/ResponseMessagesReader.class]
2022-10-22 10:49:35.120 DEBUG 25292 --- [restartedMain] o.s.c.a.ClassPathBeanDefinitionScanner   : Identified candidate component class: URL [jar:file:/C:/Users/AAPLL1/.m2/repository/io/springfox/springfox-spring-web/2.7.0/springfox-spring-web-2.7.0.jar!/springfox/documentation/spring/web/readers/parameter/ExpandedParameterBuilder.class]
2022-10-22 10:49:35.123 DEBUG 25292 --- [restartedMain] o.s.c.a.ClassPathBeanDefinitionScanner   : Identified candidate component class: URL [jar:file:/C:/Users/AAPLL1/.m2/repository/io/springfox/springfox-spring-web/2.7.0/springfox-spring-web-2.7.0.jar!/springfox/documentation/spring/web/readers/parameter/ModelAttributeParameterExpander.class]
2022-10-22 10:49:35.123 DEBUG 25292 --- [restartedMain] o.s.c.a.ClassPathBeanDefinitionScanner   : Identified candidate component class: URL [jar:file:/C:/Users/AAPLL1/.m2/repository/io/springfox/springfox-spring-web/2.7.0/springfox-spring-web-2.7.0.jar!/springfox/documentation/spring/web/readers/parameter/ParameterDataTypeReader.class]
2022-10-22 10:49:35.125 DEBUG 25292 --- [restartedMain] o.s.c.a.ClassPathBeanDefinitionScanner   : Identified candidate component class: URL [jar:file:/C:/Users/AAPLL1/.m2/repository/io/springfox/springfox-spring-web/2.7.0/springfox-spring-web-2.7.0.jar!/springfox/documentation/spring/web/readers/parameter/ParameterDefaultReader.class]
2022-10-22 10:49:35.125 DEBUG 25292 --- [restartedMain] o.s.c.a.ClassPathBeanDefinitionScanner   : Identified candidate component class: URL [jar:file:/C:/Users/AAPLL1/.m2/repository/io/springfox/springfox-spring-web/2.7.0/springfox-spring-web-2.7.0.jar!/springfox/documentation/spring/web/readers/parameter/ParameterMultiplesReader.class]
2022-10-22 10:49:35.127 DEBUG 25292 --- [restartedMain] o.s.c.a.ClassPathBeanDefinitionScanner   : Identified candidate component class: URL [jar:file:/C:/Users/AAPLL1/.m2/repository/io/springfox/springfox-spring-web/2.7.0/springfox-spring-web-2.7.0.jar!/springfox/documentation/spring/web/readers/parameter/ParameterNameReader.class]
2022-10-22 10:49:35.127 DEBUG 25292 --- [restartedMain] o.s.c.a.ClassPathBeanDefinitionScanner   : Identified candidate component class: URL [jar:file:/C:/Users/AAPLL1/.m2/repository/io/springfox/springfox-spring-web/2.7.0/springfox-spring-web-2.7.0.jar!/springfox/documentation/spring/web/readers/parameter/ParameterRequiredReader.class]
2022-10-22 10:49:35.127 DEBUG 25292 --- [restartedMain] o.s.c.a.ClassPathBeanDefinitionScanner   : Identified candidate component class: URL [jar:file:/C:/Users/AAPLL1/.m2/repository/io/springfox/springfox-spring-web/2.7.0/springfox-spring-web-2.7.0.jar!/springfox/documentation/spring/web/readers/parameter/ParameterTypeReader.class]
2022-10-22 10:49:35.132 DEBUG 25292 --- [restartedMain] o.s.c.a.ClassPathBeanDefinitionScanner   : Identified candidate component class: URL [jar:file:/C:/Users/AAPLL1/.m2/repository/io/springfox/springfox-spring-web/2.7.0/springfox-spring-web-2.7.0.jar!/springfox/documentation/spring/web/plugins/DocumentationPluginsBootstrapper.class]
2022-10-22 10:49:35.133 DEBUG 25292 --- [restartedMain] o.s.c.a.ClassPathBeanDefinitionScanner   : Identified candidate component class: URL [jar:file:/C:/Users/AAPLL1/.m2/repository/io/springfox/springfox-spring-web/2.7.0/springfox-spring-web-2.7.0.jar!/springfox/documentation/spring/web/plugins/DocumentationPluginsManager.class]
2022-10-22 10:49:35.135 DEBUG 25292 --- [restartedMain] o.s.c.a.ClassPathBeanDefinitionScanner   : Identified candidate component class: URL [jar:file:/C:/Users/AAPLL1/.m2/repository/io/springfox/springfox-spring-web/2.7.0/springfox-spring-web-2.7.0.jar!/springfox/documentation/spring/web/plugins/WebMvcRequestHandlerProvider.class]
2022-10-22 10:49:35.137 DEBUG 25292 --- [restartedMain] o.s.c.a.ClassPathBeanDefinitionScanner   : Identified candidate component class: URL [jar:file:/C:/Users/AAPLL1/.m2/repository/io/springfox/springfox-spring-web/2.7.0/springfox-spring-web-2.7.0.jar!/springfox/documentation/spring/web/paths/OperationPathDecorator.class]
2022-10-22 10:49:35.138 DEBUG 25292 --- [restartedMain] o.s.c.a.ClassPathBeanDefinitionScanner   : Identified candidate component class: URL [jar:file:/C:/Users/AAPLL1/.m2/repository/io/springfox/springfox-spring-web/2.7.0/springfox-spring-web-2.7.0.jar!/springfox/documentation/spring/web/paths/PathMappingDecorator.class]
2022-10-22 10:49:35.139 DEBUG 25292 --- [restartedMain] o.s.c.a.ClassPathBeanDefinitionScanner   : Identified candidate component class: URL [jar:file:/C:/Users/AAPLL1/.m2/repository/io/springfox/springfox-spring-web/2.7.0/springfox-spring-web-2.7.0.jar!/springfox/documentation/spring/web/paths/PathSanitizer.class]
2022-10-22 10:49:35.142 DEBUG 25292 --- [restartedMain] o.s.c.a.ClassPathBeanDefinitionScanner   : Identified candidate component class: URL [jar:file:/C:/Users/AAPLL1/.m2/repository/io/springfox/springfox-spring-web/2.7.0/springfox-spring-web-2.7.0.jar!/springfox/documentation/spring/web/paths/QueryStringUriTemplateDecorator.class]
2022-10-22 10:49:35.164 DEBUG 25292 --- [restartedMain] o.s.c.a.ClassPathBeanDefinitionScanner   : Identified candidate component class: URL [jar:file:/C:/Users/AAPLL1/.m2/repository/io/springfox/springfox-schema/2.7.0/springfox-schema-2.7.0.jar!/springfox/documentation/schema/CachingModelDependencyProvider.class]
2022-10-22 10:49:35.165 DEBUG 25292 --- [restartedMain] o.s.c.a.ClassPathBeanDefinitionScanner   : Identified candidate component class: URL [jar:file:/C:/Users/AAPLL1/.m2/repository/io/springfox/springfox-schema/2.7.0/springfox-schema-2.7.0.jar!/springfox/documentation/schema/CachingModelProvider.class]
2022-10-22 10:49:35.166 DEBUG 25292 --- [restartedMain] o.s.c.a.ClassPathBeanDefinitionScanner   : Identified candidate component class: URL [jar:file:/C:/Users/AAPLL1/.m2/repository/io/springfox/springfox-schema/2.7.0/springfox-schema-2.7.0.jar!/springfox/documentation/schema/DefaultModelDependencyProvider.class]
2022-10-22 10:49:35.167 DEBUG 25292 --- [restartedMain] o.s.c.a.ClassPathBeanDefinitionScanner   : Identified candidate component class: URL [jar:file:/C:/Users/AAPLL1/.m2/repository/io/springfox/springfox-schema/2.7.0/springfox-schema-2.7.0.jar!/springfox/documentation/schema/DefaultModelProvider.class]
2022-10-22 10:49:35.168 DEBUG 25292 --- [restartedMain] o.s.c.a.ClassPathBeanDefinitionScanner   : Identified candidate component class: URL [jar:file:/C:/Users/AAPLL1/.m2/repository/io/springfox/springfox-schema/2.7.0/springfox-schema-2.7.0.jar!/springfox/documentation/schema/plugins/SchemaPluginsManager.class]
2022-10-22 10:49:35.170 DEBUG 25292 --- [restartedMain] o.s.c.a.ClassPathBeanDefinitionScanner   : Identified candidate component class: URL [jar:file:/C:/Users/AAPLL1/.m2/repository/io/springfox/springfox-schema/2.7.0/springfox-schema-2.7.0.jar!/springfox/documentation/schema/property/bean/AccessorsProvider.class]
2022-10-22 10:49:35.171 DEBUG 25292 --- [restartedMain] o.s.c.a.ClassPathBeanDefinitionScanner   : Identified candidate component class: URL [jar:file:/C:/Users/AAPLL1/.m2/repository/io/springfox/springfox-schema/2.7.0/springfox-schema-2.7.0.jar!/springfox/documentation/schema/property/CachingModelPropertiesProvider.class]
2022-10-22 10:49:35.173 DEBUG 25292 --- [restartedMain] o.s.c.a.ClassPathBeanDefinitionScanner   : Identified candidate component class: URL [jar:file:/C:/Users/AAPLL1/.m2/repository/io/springfox/springfox-schema/2.7.0/springfox-schema-2.7.0.jar!/springfox/documentation/schema/property/FactoryMethodProvider.class]
2022-10-22 10:49:35.174 DEBUG 25292 --- [restartedMain] o.s.c.a.ClassPathBeanDefinitionScanner   : Identified candidate component class: URL [jar:file:/C:/Users/AAPLL1/.m2/repository/io/springfox/springfox-schema/2.7.0/springfox-schema-2.7.0.jar!/springfox/documentation/schema/property/field/FieldProvider.class]
2022-10-22 10:49:35.178 DEBUG 25292 --- [restartedMain] o.s.c.a.ClassPathBeanDefinitionScanner   : Identified candidate component class: URL [jar:file:/C:/Users/AAPLL1/.m2/repository/io/springfox/springfox-schema/2.7.0/springfox-schema-2.7.0.jar!/springfox/documentation/schema/property/ObjectMapperBeanPropertyNamingStrategy.class]
2022-10-22 10:49:35.180 DEBUG 25292 --- [restartedMain] o.s.c.a.ClassPathBeanDefinitionScanner   : Identified candidate component class: URL [jar:file:/C:/Users/AAPLL1/.m2/repository/io/springfox/springfox-schema/2.7.0/springfox-schema-2.7.0.jar!/springfox/documentation/schema/property/OptimizedModelPropertiesProvider.class]
2022-10-22 10:49:35.181 DEBUG 25292 --- [restartedMain] o.s.c.a.ClassPathBeanDefinitionScanner   : Identified candidate component class: URL [jar:file:/C:/Users/AAPLL1/.m2/repository/io/springfox/springfox-schema/2.7.0/springfox-schema-2.7.0.jar!/springfox/documentation/schema/TypeNameExtractor.class]
2022-10-22 10:49:35.192 DEBUG 25292 --- [restartedMain] o.s.c.a.ClassPathBeanDefinitionScanner   : Identified candidate component class: URL [jar:file:/C:/Users/AAPLL1/.m2/repository/io/springfox/springfox-swagger-common/2.7.0/springfox-swagger-common-2.7.0.jar!/springfox/documentation/swagger/schema/ApiModelBuilder.class]
2022-10-22 10:49:35.197 DEBUG 25292 --- [restartedMain] o.s.c.a.ClassPathBeanDefinitionScanner   : Identified candidate component class: URL [jar:file:/C:/Users/AAPLL1/.m2/repository/io/springfox/springfox-swagger-common/2.7.0/springfox-swagger-common-2.7.0.jar!/springfox/documentation/swagger/schema/ApiModelPropertyPropertyBuilder.class]
2022-10-22 10:49:35.198 DEBUG 25292 --- [restartedMain] o.s.c.a.ClassPathBeanDefinitionScanner   : Identified candidate component class: URL [jar:file:/C:/Users/AAPLL1/.m2/repository/io/springfox/springfox-swagger-common/2.7.0/springfox-swagger-common-2.7.0.jar!/springfox/documentation/swagger/schema/ApiModelTypeNameProvider.class]
2022-10-22 10:49:35.200 DEBUG 25292 --- [restartedMain] o.s.c.a.ClassPathBeanDefinitionScanner   : Identified candidate component class: URL [jar:file:/C:/Users/AAPLL1/.m2/repository/io/springfox/springfox-swagger-common/2.7.0/springfox-swagger-common-2.7.0.jar!/springfox/documentation/swagger/readers/operation/OperationAuthReader.class]
2022-10-22 10:49:35.200 DEBUG 25292 --- [restartedMain] o.s.c.a.ClassPathBeanDefinitionScanner   : Identified candidate component class: URL [jar:file:/C:/Users/AAPLL1/.m2/repository/io/springfox/springfox-swagger-common/2.7.0/springfox-swagger-common-2.7.0.jar!/springfox/documentation/swagger/readers/operation/OperationHiddenReader.class]
2022-10-22 10:49:35.203 DEBUG 25292 --- [restartedMain] o.s.c.a.ClassPathBeanDefinitionScanner   : Identified candidate component class: URL [jar:file:/C:/Users/AAPLL1/.m2/repository/io/springfox/springfox-swagger-common/2.7.0/springfox-swagger-common-2.7.0.jar!/springfox/documentation/swagger/readers/operation/OperationHttpMethodReader.class]
2022-10-22 10:49:35.205 DEBUG 25292 --- [restartedMain] o.s.c.a.ClassPathBeanDefinitionScanner   : Identified candidate component class: URL [jar:file:/C:/Users/AAPLL1/.m2/repository/io/springfox/springfox-swagger-common/2.7.0/springfox-swagger-common-2.7.0.jar!/springfox/documentation/swagger/readers/operation/OperationImplicitParameterReader.class]
2022-10-22 10:49:35.206 DEBUG 25292 --- [restartedMain] o.s.c.a.ClassPathBeanDefinitionScanner   : Identified candidate component class: URL [jar:file:/C:/Users/AAPLL1/.m2/repository/io/springfox/springfox-swagger-common/2.7.0/springfox-swagger-common-2.7.0.jar!/springfox/documentation/swagger/readers/operation/OperationImplicitParametersReader.class]
2022-10-22 10:49:35.206 DEBUG 25292 --- [restartedMain] o.s.c.a.ClassPathBeanDefinitionScanner   : Identified candidate component class: URL [jar:file:/C:/Users/AAPLL1/.m2/repository/io/springfox/springfox-swagger-common/2.7.0/springfox-swagger-common-2.7.0.jar!/springfox/documentation/swagger/readers/operation/OperationNicknameIntoUniqueIdReader.class]
2022-10-22 10:49:35.207 DEBUG 25292 --- [restartedMain] o.s.c.a.ClassPathBeanDefinitionScanner   : Identified candidate component class: URL [jar:file:/C:/Users/AAPLL1/.m2/repository/io/springfox/springfox-swagger-common/2.7.0/springfox-swagger-common-2.7.0.jar!/springfox/documentation/swagger/readers/operation/OperationNotesReader.class]
2022-10-22 10:49:35.207 DEBUG 25292 --- [restartedMain] o.s.c.a.ClassPathBeanDefinitionScanner   : Identified candidate component class: URL [jar:file:/C:/Users/AAPLL1/.m2/repository/io/springfox/springfox-swagger-common/2.7.0/springfox-swagger-common-2.7.0.jar!/springfox/documentation/swagger/readers/operation/OperationPositionReader.class]
2022-10-22 10:49:35.208 DEBUG 25292 --- [restartedMain] o.s.c.a.ClassPathBeanDefinitionScanner   : Identified candidate component class: URL [jar:file:/C:/Users/AAPLL1/.m2/repository/io/springfox/springfox-swagger-common/2.7.0/springfox-swagger-common-2.7.0.jar!/springfox/documentation/swagger/readers/operation/OperationSummaryReader.class]
2022-10-22 10:49:35.208 DEBUG 25292 --- [restartedMain] o.s.c.a.ClassPathBeanDefinitionScanner   : Identified candidate component class: URL [jar:file:/C:/Users/AAPLL1/.m2/repository/io/springfox/springfox-swagger-common/2.7.0/springfox-swagger-common-2.7.0.jar!/springfox/documentation/swagger/readers/operation/SwaggerMediaTypeReader.class]
2022-10-22 10:49:35.209 DEBUG 25292 --- [restartedMain] o.s.c.a.ClassPathBeanDefinitionScanner   : Identified candidate component class: URL [jar:file:/C:/Users/AAPLL1/.m2/repository/io/springfox/springfox-swagger-common/2.7.0/springfox-swagger-common-2.7.0.jar!/springfox/documentation/swagger/readers/operation/SwaggerOperationModelsProvider.class]
2022-10-22 10:49:35.210 DEBUG 25292 --- [restartedMain] o.s.c.a.ClassPathBeanDefinitionScanner   : Identified candidate component class: URL [jar:file:/C:/Users/AAPLL1/.m2/repository/io/springfox/springfox-swagger-common/2.7.0/springfox-swagger-common-2.7.0.jar!/springfox/documentation/swagger/readers/operation/SwaggerOperationResponseClassReader.class]
2022-10-22 10:49:35.213 DEBUG 25292 --- [restartedMain] o.s.c.a.ClassPathBeanDefinitionScanner   : Identified candidate component class: URL [jar:file:/C:/Users/AAPLL1/.m2/repository/io/springfox/springfox-swagger-common/2.7.0/springfox-swagger-common-2.7.0.jar!/springfox/documentation/swagger/readers/operation/SwaggerOperationTagsReader.class]
2022-10-22 10:49:35.214 DEBUG 25292 --- [restartedMain] o.s.c.a.ClassPathBeanDefinitionScanner   : Identified candidate component class: URL [jar:file:/C:/Users/AAPLL1/.m2/repository/io/springfox/springfox-swagger-common/2.7.0/springfox-swagger-common-2.7.0.jar!/springfox/documentation/swagger/readers/operation/SwaggerResponseMessageReader.class]
2022-10-22 10:49:35.216 DEBUG 25292 --- [restartedMain] o.s.c.a.ClassPathBeanDefinitionScanner   : Identified candidate component class: URL [jar:file:/C:/Users/AAPLL1/.m2/repository/io/springfox/springfox-swagger-common/2.7.0/springfox-swagger-common-2.7.0.jar!/springfox/documentation/swagger/readers/operation/VendorExtensionsReader.class]
2022-10-22 10:49:35.217 DEBUG 25292 --- [restartedMain] o.s.c.a.ClassPathBeanDefinitionScanner   : Identified candidate component class: URL [jar:file:/C:/Users/AAPLL1/.m2/repository/io/springfox/springfox-swagger-common/2.7.0/springfox-swagger-common-2.7.0.jar!/springfox/documentation/swagger/readers/parameter/ApiParamParameterBuilder.class]
2022-10-22 10:49:35.218 DEBUG 25292 --- [restartedMain] o.s.c.a.ClassPathBeanDefinitionScanner   : Identified candidate component class: URL [jar:file:/C:/Users/AAPLL1/.m2/repository/io/springfox/springfox-swagger-common/2.7.0/springfox-swagger-common-2.7.0.jar!/springfox/documentation/swagger/readers/parameter/SwaggerExpandedParameterBuilder.class]
2022-10-22 10:49:35.221 DEBUG 25292 --- [restartedMain] o.s.c.a.ClassPathBeanDefinitionScanner   : Identified candidate component class: URL [jar:file:/C:/Users/AAPLL1/.m2/repository/io/springfox/springfox-swagger-common/2.7.0/springfox-swagger-common-2.7.0.jar!/springfox/documentation/swagger/web/ApiResourceController.class]
2022-10-22 10:49:35.223 DEBUG 25292 --- [restartedMain] o.s.c.a.ClassPathBeanDefinitionScanner   : Identified candidate component class: URL [jar:file:/C:/Users/AAPLL1/.m2/repository/io/springfox/springfox-swagger-common/2.7.0/springfox-swagger-common-2.7.0.jar!/springfox/documentation/swagger/web/ClassOrApiAnnotationResourceGrouping.class]
2022-10-22 10:49:35.225 DEBUG 25292 --- [restartedMain] o.s.c.a.ClassPathBeanDefinitionScanner   : Identified candidate component class: URL [jar:file:/C:/Users/AAPLL1/.m2/repository/io/springfox/springfox-swagger-common/2.7.0/springfox-swagger-common-2.7.0.jar!/springfox/documentation/swagger/web/InMemorySwaggerResourcesProvider.class]
2022-10-22 10:49:35.226 DEBUG 25292 --- [restartedMain] o.s.c.a.ClassPathBeanDefinitionScanner   : Identified candidate component class: URL [jar:file:/C:/Users/AAPLL1/.m2/repository/io/springfox/springfox-swagger-common/2.7.0/springfox-swagger-common-2.7.0.jar!/springfox/documentation/swagger/web/SwaggerApiListingReader.class]
2022-10-22 10:49:35.457  INFO 25292 --- [restartedMain] .s.d.r.c.RepositoryConfigurationDelegate : Bootstrapping Spring Data JPA repositories in DEFAULT mode.
2022-10-22 10:49:35.457 DEBUG 25292 --- [restartedMain] o.s.b.f.s.DefaultListableBeanFactory     : Creating shared instance of singleton bean 'org.springframework.boot.autoconfigure.AutoConfigurationPackages'
2022-10-22 10:49:35.457 DEBUG 25292 --- [restartedMain] o.s.b.a.AutoConfigurationPackages        : @EnableAutoConfiguration was declared on a class in the package 'com.employeemanagement'. Automatic @Repository and @Entity scanning is enabled.
2022-10-22 10:49:35.457 DEBUG 25292 --- [restartedMain] .s.d.r.c.RepositoryConfigurationDelegate : Scanning for JPA repositories in packages com.employeemanagement.
2022-10-22 10:49:35.462 DEBUG 25292 --- [restartedMain] o.s.d.r.c.RepositoryComponentProvider    : Identified candidate component class: file [C:\Microsoft\Class\Projects\4. CSVgenerator\EmployeeManage\EmployeeManage\target\classes\com\employeemanagement\repo\EmployeeRepo.class]
2022-10-22 10:49:35.469 DEBUG 25292 --- [restartedMain] ssPathScanningCandidateComponentProvider : Identified candidate component class: file [C:\Microsoft\Class\Projects\4. CSVgenerator\EmployeeManage\EmployeeManage\target\classes\com\employeemanagement\service\EmployeeServiceImpl.class]
2022-10-22 10:49:35.471  INFO 25292 --- [restartedMain] .s.d.r.c.RepositoryConfigurationDelegate : Finished Spring Data repository scanning in 13 ms. Found 1 JPA repository interfaces.
2022-10-22 10:49:35.511 DEBUG 25292 --- [restartedMain] o.s.b.f.s.DefaultListableBeanFactory     : Creating shared instance of singleton bean 'propertySourcesPlaceholderConfigurer'
2022-10-22 10:49:35.512 DEBUG 25292 --- [restartedMain] o.s.b.f.s.DefaultListableBeanFactory     : Creating shared instance of singleton bean 'emBeanDefinitionRegistrarPostProcessor'
2022-10-22 10:49:35.512 DEBUG 25292 --- [restartedMain] o.s.b.f.s.DefaultListableBeanFactory     : Creating shared instance of singleton bean 'org.springframework.boot.sql.init.dependency.DatabaseInitializationDependencyConfigurer$DependsOnDatabaseInitializationPostProcessor'
2022-10-22 10:49:35.512 DEBUG 25292 --- [restartedMain] o.s.b.f.s.DefaultListableBeanFactory     : Creating shared instance of singleton bean 'org.springframework.boot.devtools.autoconfigure.DevToolsDataSourceAutoConfiguration$DatabaseShutdownExecutorEntityManagerFactoryDependsOnPostProcessor'
2022-10-22 10:49:35.522 DEBUG 25292 --- [restartedMain] o.s.b.f.s.DefaultListableBeanFactory     : Creating shared instance of singleton bean 'org.springframework.context.event.internalEventListenerProcessor'
2022-10-22 10:49:35.522 DEBUG 25292 --- [restartedMain] o.s.b.f.s.DefaultListableBeanFactory     : Creating shared instance of singleton bean 'preserveErrorControllerTargetClassPostProcessor'
2022-10-22 10:49:35.523 DEBUG 25292 --- [restartedMain] o.s.b.f.s.DefaultListableBeanFactory     : Creating shared instance of singleton bean 'org.springframework.context.event.internalEventListenerFactory'
2022-10-22 10:49:35.523 DEBUG 25292 --- [restartedMain] o.s.b.f.s.DefaultListableBeanFactory     : Creating shared instance of singleton bean 'org.springframework.transaction.config.internalTransactionalEventListenerFactory'
2022-10-22 10:49:35.525 DEBUG 25292 --- [restartedMain] o.s.b.f.s.DefaultListableBeanFactory     : Creating shared instance of singleton bean 'org.springframework.context.annotation.internalAutowiredAnnotationProcessor'
2022-10-22 10:49:35.525 DEBUG 25292 --- [restartedMain] o.s.b.f.s.DefaultListableBeanFactory     : Creating shared instance of singleton bean 'org.springframework.context.annotation.internalCommonAnnotationProcessor'
2022-10-22 10:49:35.527 DEBUG 25292 --- [restartedMain] o.s.b.f.s.DefaultListableBeanFactory     : Creating shared instance of singleton bean 'org.springframework.context.annotation.internalPersistenceAnnotationProcessor'
2022-10-22 10:49:35.527 DEBUG 25292 --- [restartedMain] o.s.b.f.s.DefaultListableBeanFactory     : Creating shared instance of singleton bean 'org.springframework.boot.context.properties.ConfigurationPropertiesBindingPostProcessor'
2022-10-22 10:49:35.527 DEBUG 25292 --- [restartedMain] o.s.b.f.s.DefaultListableBeanFactory     : Creating shared instance of singleton bean 'org.springframework.boot.context.internalConfigurationPropertiesBinder'
2022-10-22 10:49:35.527 DEBUG 25292 --- [restartedMain] o.s.b.f.s.DefaultListableBeanFactory     : Creating shared instance of singleton bean 'org.springframework.boot.context.internalConfigurationPropertiesBinderFactory'
2022-10-22 10:49:35.528 DEBUG 25292 --- [restartedMain] o.s.b.f.s.DefaultListableBeanFactory     : Creating shared instance of singleton bean 'org.springframework.aop.config.internalAutoProxyCreator'
2022-10-22 10:49:35.530 DEBUG 25292 --- [restartedMain] o.s.b.f.s.DefaultListableBeanFactory     : Creating shared instance of singleton bean 'persistenceExceptionTranslationPostProcessor'
2022-10-22 10:49:35.531 DEBUG 25292 --- [restartedMain] o.s.b.f.s.DefaultListableBeanFactory     : Autowiring by type from bean name 'persistenceExceptionTranslationPostProcessor' via factory method to bean named 'environment'
2022-10-22 10:49:35.531 DEBUG 25292 --- [restartedMain] o.s.b.f.s.DefaultListableBeanFactory     : Creating shared instance of singleton bean 'objectMapperConfigurer'
2022-10-22 10:49:35.532 DEBUG 25292 --- [restartedMain] o.s.b.f.s.DefaultListableBeanFactory     : Creating shared instance of singleton bean 'org.springframework.transaction.config.internalTransactionAdvisor'
2022-10-22 10:49:35.532 DEBUG 25292 --- [restartedMain] o.s.b.f.s.DefaultListableBeanFactory     : Creating shared instance of singleton bean 'org.springframework.transaction.annotation.ProxyTransactionManagementConfiguration'
2022-10-22 10:49:35.537 DEBUG 25292 --- [restartedMain] o.s.b.f.s.DefaultListableBeanFactory     : Creating shared instance of singleton bean 'transactionAttributeSource'
2022-10-22 10:49:35.538 DEBUG 25292 --- [restartedMain] o.s.b.f.s.DefaultListableBeanFactory     : Creating shared instance of singleton bean 'transactionInterceptor'
2022-10-22 10:49:35.538 DEBUG 25292 --- [restartedMain] o.s.b.f.s.DefaultListableBeanFactory     : Autowiring by type from bean name 'transactionInterceptor' via factory method to bean named 'transactionAttributeSource'
2022-10-22 10:49:35.539 DEBUG 25292 --- [restartedMain] o.s.b.f.s.DefaultListableBeanFactory     : Autowiring by type from bean name 'org.springframework.transaction.config.internalTransactionAdvisor' via factory method to bean named 'transactionAttributeSource'
2022-10-22 10:49:35.539 DEBUG 25292 --- [restartedMain] o.s.b.f.s.DefaultListableBeanFactory     : Autowiring by type from bean name 'org.springframework.transaction.config.internalTransactionAdvisor' via factory method to bean named 'transactionInterceptor'
2022-10-22 10:49:35.540 DEBUG 25292 --- [restartedMain] o.s.b.f.s.DefaultListableBeanFactory     : Creating shared instance of singleton bean 'webServerFactoryCustomizerBeanPostProcessor'
2022-10-22 10:49:35.541 DEBUG 25292 --- [restartedMain] o.s.b.f.s.DefaultListableBeanFactory     : Creating shared instance of singleton bean 'errorPageRegistrarBeanPostProcessor'
2022-10-22 10:49:35.541 DEBUG 25292 --- [restartedMain] o.s.b.f.s.DefaultListableBeanFactory     : Creating shared instance of singleton bean 'projectingArgumentResolverBeanPostProcessor'
2022-10-22 10:49:35.542 DEBUG 25292 --- [restartedMain] o.s.u.c.s.UiApplicationContextUtils      : Unable to locate ThemeSource with name 'themeSource': using default [org.springframework.ui.context.support.ResourceBundleThemeSource@122f7eae]
