2022-10-22 10:53:17.574  INFO 28316 --- [Thread-7] j.LocalContainerEntityManagerFactoryBean : Closing JPA EntityManagerFactory for persistence unit 'default'
2022-10-22 10:53:17.578 DEBUG 28316 --- [Thread-7] o.hibernate.internal.SessionFactoryImpl  : HHH000031: Closing
2022-10-22 10:53:17.578 DEBUG 28316 --- [Thread-7] o.h.type.spi.TypeConfiguration$Scope     : Un-scoping TypeConfiguration [org.hibernate.type.spi.TypeConfiguration$Scope@502d5d82] from SessionFactory [org.hibernate.internal.SessionFactoryImpl@7bcddf7a]
2022-10-22 10:53:17.578 DEBUG 28316 --- [Thread-7] o.h.s.i.AbstractServiceRegistryImpl      : Implicitly destroying ServiceRegistry on de-registration of all child ServiceRegistries
2022-10-22 10:53:17.579 DEBUG 28316 --- [Thread-7] o.h.b.r.i.BootstrapServiceRegistryImpl   : Implicitly destroying Boot-strap registry on de-registration of all child ServiceRegistries
2022-10-22 10:53:17.579  INFO 28316 --- [Thread-7] com.zaxxer.hikari.HikariDataSource       : HikariPool-2 - Shutdown initiated...
2022-10-22 10:53:17.579 DEBUG 28316 --- [Thread-7] com.zaxxer.hikari.pool.HikariPool        : HikariPool-2 - Before shutdown stats (total=10, active=0, idle=10, waiting=0)
2022-10-22 10:53:17.580 DEBUG 28316 --- [HikariPool-2 connection closer] com.zaxxer.hikari.pool.PoolBase          : HikariPool-2 - Closing connection com.mysql.cj.jdbc.ConnectionImpl@6aeaacd0: (connection evicted)
2022-10-22 10:53:17.581 DEBUG 28316 --- [HikariPool-2 connection closer] com.zaxxer.hikari.pool.PoolBase          : HikariPool-2 - Closing connection com.mysql.cj.jdbc.ConnectionImpl@362e08a6: (connection evicted)
2022-10-22 10:53:17.582 DEBUG 28316 --- [HikariPool-2 connection closer] com.zaxxer.hikari.pool.PoolBase          : HikariPool-2 - Closing connection com.mysql.cj.jdbc.ConnectionImpl@7713029d: (connection evicted)
2022-10-22 10:53:17.583 DEBUG 28316 --- [HikariPool-2 connection closer] com.zaxxer.hikari.pool.PoolBase          : HikariPool-2 - Closing connection com.mysql.cj.jdbc.ConnectionImpl@415d264c: (connection evicted)
2022-10-22 10:53:17.583 DEBUG 28316 --- [HikariPool-2 connection closer] com.zaxxer.hikari.pool.PoolBase          : HikariPool-2 - Closing connection com.mysql.cj.jdbc.ConnectionImpl@57ce0f11: (connection evicted)
2022-10-22 10:53:17.584 DEBUG 28316 --- [HikariPool-2 connection closer] com.zaxxer.hikari.pool.PoolBase          : HikariPool-2 - Closing connection com.mysql.cj.jdbc.ConnectionImpl@6f804d1c: (connection evicted)
2022-10-22 10:53:17.585 DEBUG 28316 --- [HikariPool-2 connection closer] com.zaxxer.hikari.pool.PoolBase          : HikariPool-2 - Closing connection com.mysql.cj.jdbc.ConnectionImpl@3c1471d9: (connection evicted)
2022-10-22 10:53:17.585 DEBUG 28316 --- [HikariPool-2 connection closer] com.zaxxer.hikari.pool.PoolBase          : HikariPool-2 - Closing connection com.mysql.cj.jdbc.ConnectionImpl@2dcd0711: (connection evicted)
2022-10-22 10:53:17.586 DEBUG 28316 --- [HikariPool-2 connection closer] com.zaxxer.hikari.pool.PoolBase          : HikariPool-2 - Closing connection com.mysql.cj.jdbc.ConnectionImpl@3650540: (connection evicted)
2022-10-22 10:53:17.586 DEBUG 28316 --- [HikariPool-2 connection closer] com.zaxxer.hikari.pool.PoolBase          : HikariPool-2 - Closing connection com.mysql.cj.jdbc.ConnectionImpl@44ca60b6: (connection evicted)
2022-10-22 10:53:17.587 DEBUG 28316 --- [Thread-7] com.zaxxer.hikari.pool.HikariPool        : HikariPool-2 - After shutdown stats (total=0, active=0, idle=0, waiting=0)
2022-10-22 10:53:17.587  INFO 28316 --- [Thread-7] com.zaxxer.hikari.HikariDataSource       : HikariPool-2 - Shutdown completed.
2022-10-22 10:53:17.631 DEBUG 28316 --- [Thread-7] o.s.b.d.r.c.RestartClassLoader           : Created RestartClassLoader org.springframework.boot.devtools.restart.classloader.RestartClassLoader@a793f4d
2022-10-22 10:53:17.631 DEBUG 28316 --- [Thread-7] o.s.boot.devtools.restart.Restarter      : Starting application com.employeemanagement.EmployeeManageApplication with URLs [file:/C:/Microsoft/Class/Projects/4.%20CSVgenerator/EmployeeManage/EmployeeManage/target/classes/]
2022-10-22 10:53:17.694  INFO 28316 --- [restartedMain] c.e.EmployeeManageApplication            : Starting EmployeeManageApplication using Java 17.0.4.1 on DESKTOP-EJ3831I with PID 28316 (C:\Microsoft\Class\Projects\4. CSVgenerator\EmployeeManage\EmployeeManage\target\classes started by AAPLL1 in C:\Microsoft\Class\Projects\4. CSVgenerator\EmployeeManage\EmployeeManage)
2022-10-22 10:53:17.695  INFO 28316 --- [restartedMain] c.e.EmployeeManageApplication            : No active profile set, falling back to 1 default profile: "default"
2022-10-22 10:53:18.006  INFO 28316 --- [restartedMain] .s.d.r.c.RepositoryConfigurationDelegate : Bootstrapping Spring Data JPA repositories in DEFAULT mode.
2022-10-22 10:53:18.016  INFO 28316 --- [restartedMain] .s.d.r.c.RepositoryConfigurationDelegate : Finished Spring Data repository scanning in 9 ms. Found 1 JPA repository interfaces.
2022-10-22 10:53:18.115  INFO 28316 --- [restartedMain] o.s.b.w.embedded.tomcat.TomcatWebServer  : Tomcat initialized with port(s): 8082 (http)
2022-10-22 10:53:18.115  INFO 28316 --- [restartedMain] o.apache.catalina.core.StandardService   : Starting service [Tomcat]
2022-10-22 10:53:18.115  INFO 28316 --- [restartedMain] org.apache.catalina.core.StandardEngine  : Starting Servlet engine: [Apache Tomcat/9.0.65]
2022-10-22 10:53:18.133  INFO 28316 --- [restartedMain] o.a.c.c.C.[Tomcat].[localhost].[/]       : Initializing Spring embedded WebApplicationContext
2022-10-22 10:53:18.133  INFO 28316 --- [restartedMain] w.s.c.ServletWebServerApplicationContext : Root WebApplicationContext: initialization completed in 437 ms
2022-10-22 10:53:18.180  INFO 28316 --- [restartedMain] o.f.c.internal.license.VersionPrinter    : Flyway Community Edition 8.0.5 by Redgate
2022-10-22 10:53:18.180  INFO 28316 --- [restartedMain] o.f.c.i.database.base.BaseDatabaseType   : Database: jdbc:mysql://localhost:3306/EmployeeProject (MySQL 8.0)
2022-10-22 10:53:18.193  INFO 28316 --- [restartedMain] o.f.core.internal.command.DbValidate     : Successfully validated 2 migrations (execution time 00:00.005s)
2022-10-22 10:53:18.201  INFO 28316 --- [restartedMain] o.f.core.internal.command.DbMigrate      : Current version of schema `EmployeeProject`: 1.2
2022-10-22 10:53:18.201  WARN 28316 --- [restartedMain] o.f.core.internal.command.DbMigrate      : Schema `EmployeeProject` has a version (1.2) that is newer than the latest available migration (1.1) !
2022-10-22 10:53:18.201  INFO 28316 --- [restartedMain] o.f.core.internal.command.DbMigrate      : Schema `EmployeeProject` is up to date. No migration necessary.
2022-10-22 10:53:18.215  INFO 28316 --- [restartedMain] com.zaxxer.hikari.HikariDataSource       : HikariPool-3 - Starting...
2022-10-22 10:53:18.230  INFO 28316 --- [restartedMain] com.zaxxer.hikari.HikariDataSource       : HikariPool-3 - Start completed.
2022-10-22 10:53:18.235  INFO 28316 --- [restartedMain] o.hibernate.jpa.internal.util.LogHelper  : HHH000204: Processing PersistenceUnitInfo [name: default]
2022-10-22 10:53:18.245  INFO 28316 --- [restartedMain] org.hibernate.dialect.Dialect            : HHH000400: Using dialect: org.hibernate.dialect.MySQLDialect
2022-10-22 10:53:18.270  INFO 28316 --- [restartedMain] o.h.e.t.j.p.i.JtaPlatformInitiator       : HHH000490: Using JtaPlatform implementation: [org.hibernate.engine.transaction.jta.platform.internal.NoJtaPlatform]
2022-10-22 10:53:18.270  INFO 28316 --- [restartedMain] j.LocalContainerEntityManagerFactoryBean : Initialized JPA EntityManagerFactory for persistence unit 'default'
2022-10-22 10:53:18.385  WARN 28316 --- [restartedMain] JpaBaseConfiguration$JpaWebConfiguration : spring.jpa.open-in-view is enabled by default. Therefore, database queries may be performed during view rendering. Explicitly configure spring.jpa.open-in-view to disable this warning
2022-10-22 10:53:18.419  INFO 28316 --- [restartedMain] pertySourcedRequestMappingHandlerMapping : Mapped URL path [/v2/api-docs] onto method [springfox.documentation.swagger2.web.Swagger2Controller#getDocumentation(String, HttpServletRequest)]
2022-10-22 10:53:18.447  INFO 28316 --- [restartedMain] o.s.b.d.a.OptionalLiveReloadServer       : LiveReload server is running on port 35729
2022-10-22 10:53:18.516  INFO 28316 --- [restartedMain] o.s.b.w.embedded.tomcat.TomcatWebServer  : Tomcat started on port(s): 8082 (http) with context path ''
2022-10-22 10:53:18.517  INFO 28316 --- [restartedMain] d.s.w.p.DocumentationPluginsBootstrapper : Context refreshed
2022-10-22 10:53:18.517  INFO 28316 --- [restartedMain] d.s.w.p.DocumentationPluginsBootstrapper : Found 1 custom documentation plugin(s)
2022-10-22 10:53:18.521  INFO 28316 --- [restartedMain] s.d.s.w.s.ApiListingReferenceScanner     : Scanning for api listing references
2022-10-22 10:53:18.539  INFO 28316 --- [restartedMain] c.e.EmployeeManageApplication            : Started EmployeeManageApplication in 0.895 seconds (JVM running for 126.431)
2022-10-22 10:53:18.860  INFO 28316 --- [restartedMain] .ConditionEvaluationDeltaLoggingListener : Condition evaluation unchanged
2022-10-22 10:53:43.550  INFO 28316 --- [File Watcher] rtingClassPathChangeChangedEventListener : Restarting due to 1 class path change (0 additions, 0 deletions, 1 modification)
2022-10-22 10:53:43.575  INFO 28316 --- [Thread-11] o.apache.catalina.core.StandardService   : Stopping service [Tomcat]
2022-10-22 10:53:43.583  INFO 28316 --- [Thread-11] j.LocalContainerEntityManagerFactoryBean : Closing JPA EntityManagerFactory for persistence unit 'default'
2022-10-22 10:53:43.583  INFO 28316 --- [Thread-11] com.zaxxer.hikari.HikariDataSource       : HikariPool-3 - Shutdown initiated...
2022-10-22 10:53:43.587  INFO 28316 --- [Thread-11] com.zaxxer.hikari.HikariDataSource       : HikariPool-3 - Shutdown completed.
2022-10-22 10:53:43.657  INFO 28316 --- [restartedMain] c.e.EmployeeManageApplication            : Starting EmployeeManageApplication using Java 17.0.4.1 on DESKTOP-EJ3831I with PID 28316 (C:\Microsoft\Class\Projects\4. CSVgenerator\EmployeeManage\EmployeeManage\target\classes started by AAPLL1 in C:\Microsoft\Class\Projects\4. CSVgenerator\EmployeeManage\EmployeeManage)
2022-10-22 10:53:43.657  INFO 28316 --- [restartedMain] c.e.EmployeeManageApplication            : No active profile set, falling back to 1 default profile: "default"
2022-10-22 10:53:43.864  INFO 28316 --- [restartedMain] .s.d.r.c.RepositoryConfigurationDelegate : Bootstrapping Spring Data JPA repositories in DEFAULT mode.
2022-10-22 10:53:43.872  INFO 28316 --- [restartedMain] .s.d.r.c.RepositoryConfigurationDelegate : Finished Spring Data repository scanning in 8 ms. Found 1 JPA repository interfaces.
2022-10-22 10:53:43.949  INFO 28316 --- [restartedMain] o.s.b.w.embedded.tomcat.TomcatWebServer  : Tomcat initialized with port(s): 8082 (http)
2022-10-22 10:53:43.949  INFO 28316 --- [restartedMain] o.apache.catalina.core.StandardService   : Starting service [Tomcat]
2022-10-22 10:53:43.949  INFO 28316 --- [restartedMain] org.apache.catalina.core.StandardEngine  : Starting Servlet engine: [Apache Tomcat/9.0.65]
2022-10-22 10:53:43.969  INFO 28316 --- [restartedMain] o.a.c.c.C.[Tomcat].[localhost].[/]       : Initializing Spring embedded WebApplicationContext
2022-10-22 10:53:43.969  INFO 28316 --- [restartedMain] w.s.c.ServletWebServerApplicationContext : Root WebApplicationContext: initialization completed in 311 ms
2022-10-22 10:53:44.010  INFO 28316 --- [restartedMain] o.f.c.internal.license.VersionPrinter    : Flyway Community Edition 8.0.5 by Redgate
2022-10-22 10:53:44.010  INFO 28316 --- [restartedMain] o.f.c.i.database.base.BaseDatabaseType   : Database: jdbc:mysql://localhost:3306/EmployeeProject (MySQL 8.0)
2022-10-22 10:53:44.020  INFO 28316 --- [restartedMain] o.f.core.internal.command.DbValidate     : Successfully validated 2 migrations (execution time 00:00.004s)
2022-10-22 10:53:44.025  INFO 28316 --- [restartedMain] o.f.core.internal.command.DbMigrate      : Current version of schema `EmployeeProject`: 1.2
2022-10-22 10:53:44.025  WARN 28316 --- [restartedMain] o.f.core.internal.command.DbMigrate      : Schema `EmployeeProject` has a version (1.2) that is newer than the latest available migration (1.1) !
2022-10-22 10:53:44.026  INFO 28316 --- [restartedMain] o.f.core.internal.command.DbMigrate      : Schema `EmployeeProject` is up to date. No migration necessary.
2022-10-22 10:53:44.036  INFO 28316 --- [restartedMain] com.zaxxer.hikari.HikariDataSource       : HikariPool-4 - Starting...
2022-10-22 10:53:44.047  INFO 28316 --- [restartedMain] com.zaxxer.hikari.HikariDataSource       : HikariPool-4 - Start completed.
2022-10-22 10:53:44.050  INFO 28316 --- [restartedMain] o.hibernate.jpa.internal.util.LogHelper  : HHH000204: Processing PersistenceUnitInfo [name: default]
2022-10-22 10:53:44.054  INFO 28316 --- [restartedMain] org.hibernate.dialect.Dialect            : HHH000400: Using dialect: org.hibernate.dialect.MySQLDialect
2022-10-22 10:53:44.067  INFO 28316 --- [restartedMain] o.h.e.t.j.p.i.JtaPlatformInitiator       : HHH000490: Using JtaPlatform implementation: [org.hibernate.engine.transaction.jta.platform.internal.NoJtaPlatform]
2022-10-22 10:53:44.067  INFO 28316 --- [restartedMain] j.LocalContainerEntityManagerFactoryBean : Initialized JPA EntityManagerFactory for persistence unit 'default'
2022-10-22 10:53:44.154  WARN 28316 --- [restartedMain] JpaBaseConfiguration$JpaWebConfiguration : spring.jpa.open-in-view is enabled by default. Therefore, database queries may be performed during view rendering. Explicitly configure spring.jpa.open-in-view to disable this warning
2022-10-22 10:53:44.186  INFO 28316 --- [restartedMain] pertySourcedRequestMappingHandlerMapping : Mapped URL path [/v2/api-docs] onto method [springfox.documentation.swagger2.web.Swagger2Controller#getDocumentation(String, HttpServletRequest)]
2022-10-22 10:53:44.211  INFO 28316 --- [restartedMain] o.s.b.d.a.OptionalLiveReloadServer       : LiveReload server is running on port 35729
2022-10-22 10:53:44.278  INFO 28316 --- [restartedMain] o.s.b.w.embedded.tomcat.TomcatWebServer  : Tomcat started on port(s): 8082 (http) with context path ''
2022-10-22 10:53:44.278  INFO 28316 --- [restartedMain] d.s.w.p.DocumentationPluginsBootstrapper : Context refreshed
2022-10-22 10:53:44.279  INFO 28316 --- [restartedMain] d.s.w.p.DocumentationPluginsBootstrapper : Found 1 custom documentation plugin(s)
2022-10-22 10:53:44.282  INFO 28316 --- [restartedMain] s.d.s.w.s.ApiListingReferenceScanner     : Scanning for api listing references
2022-10-22 10:53:44.302  INFO 28316 --- [restartedMain] c.e.EmployeeManageApplication            : Started EmployeeManageApplication in 0.667 seconds (JVM running for 152.194)
2022-10-22 10:53:44.523  INFO 28316 --- [restartedMain] .ConditionEvaluationDeltaLoggingListener : Condition evaluation unchanged
2022-10-22 11:32:05.176  INFO 28316 --- [File Watcher] rtingClassPathChangeChangedEventListener : Restarting due to 1 class path change (0 additions, 0 deletions, 1 modification)
2022-10-22 11:32:05.214  INFO 28316 --- [Thread-15] o.apache.catalina.core.StandardService   : Stopping service [Tomcat]
2022-10-22 11:32:05.231  INFO 28316 --- [Thread-15] j.LocalContainerEntityManagerFactoryBean : Closing JPA EntityManagerFactory for persistence unit 'default'
2022-10-22 11:32:05.232  INFO 28316 --- [Thread-15] com.zaxxer.hikari.HikariDataSource       : HikariPool-4 - Shutdown initiated...
2022-10-22 11:32:05.244  INFO 28316 --- [Thread-15] com.zaxxer.hikari.HikariDataSource       : HikariPool-4 - Shutdown completed.
2022-10-22 11:32:05.359  INFO 28316 --- [restartedMain] c.e.EmployeeManageApplication            : Starting EmployeeManageApplication using Java 17.0.4.1 on DESKTOP-EJ3831I with PID 28316 (C:\Microsoft\Class\Projects\4. CSVgenerator\EmployeeManage\EmployeeManage\target\classes started by AAPLL1 in C:\Microsoft\Class\Projects\4. CSVgenerator\EmployeeManage\EmployeeManage)
2022-10-22 11:32:05.359  INFO 28316 --- [restartedMain] c.e.EmployeeManageApplication            : No active profile set, falling back to 1 default profile: "default"
2022-10-22 11:32:05.736  INFO 28316 --- [restartedMain] .s.d.r.c.RepositoryConfigurationDelegate : Bootstrapping Spring Data JPA repositories in DEFAULT mode.
2022-10-22 11:32:05.750  INFO 28316 --- [restartedMain] .s.d.r.c.RepositoryConfigurationDelegate : Finished Spring Data repository scanning in 13 ms. Found 1 JPA repository interfaces.
2022-10-22 11:32:05.898  INFO 28316 --- [restartedMain] o.s.b.w.embedded.tomcat.TomcatWebServer  : Tomcat initialized with port(s): 8082 (http)
2022-10-22 11:32:05.898  INFO 28316 --- [restartedMain] o.apache.catalina.core.StandardService   : Starting service [Tomcat]
2022-10-22 11:32:05.898  INFO 28316 --- [restartedMain] org.apache.catalina.core.StandardEngine  : Starting Servlet engine: [Apache Tomcat/9.0.65]
2022-10-22 11:32:05.923  INFO 28316 --- [restartedMain] o.a.c.c.C.[Tomcat].[localhost].[/]       : Initializing Spring embedded WebApplicationContext
2022-10-22 11:32:05.923  INFO 28316 --- [restartedMain] w.s.c.ServletWebServerApplicationContext : Root WebApplicationContext: initialization completed in 560 ms
2022-10-22 11:32:05.976  INFO 28316 --- [restartedMain] o.f.c.internal.license.VersionPrinter    : Flyway Community Edition 8.0.5 by Redgate
2022-10-22 11:32:05.976  INFO 28316 --- [restartedMain] o.f.c.i.database.base.BaseDatabaseType   : Database: jdbc:mysql://localhost:3306/EmployeeProject (MySQL 8.0)
2022-10-22 11:32:05.989  INFO 28316 --- [restartedMain] o.f.core.internal.command.DbValidate     : Successfully validated 2 migrations (execution time 00:00.005s)
2022-10-22 11:32:05.996  INFO 28316 --- [restartedMain] o.f.core.internal.command.DbMigrate      : Current version of schema `EmployeeProject`: 1.2
2022-10-22 11:32:05.996  WARN 28316 --- [restartedMain] o.f.core.internal.command.DbMigrate      : Schema `EmployeeProject` has a version (1.2) that is newer than the latest available migration (1.1) !
2022-10-22 11:32:05.996  INFO 28316 --- [restartedMain] o.f.core.internal.command.DbMigrate      : Schema `EmployeeProject` is up to date. No migration necessary.
2022-10-22 11:32:06.011  INFO 28316 --- [restartedMain] com.zaxxer.hikari.HikariDataSource       : HikariPool-5 - Starting...
2022-10-22 11:32:06.025  INFO 28316 --- [restartedMain] com.zaxxer.hikari.HikariDataSource       : HikariPool-5 - Start completed.
2022-10-22 11:32:06.030  INFO 28316 --- [restartedMain] o.hibernate.jpa.internal.util.LogHelper  : HHH000204: Processing PersistenceUnitInfo [name: default]
2022-10-22 11:32:06.036  INFO 28316 --- [restartedMain] org.hibernate.dialect.Dialect            : HHH000400: Using dialect: org.hibernate.dialect.MySQLDialect
2022-10-22 11:32:06.057  INFO 28316 --- [restartedMain] o.h.e.t.j.p.i.JtaPlatformInitiator       : HHH000490: Using JtaPlatform implementation: [org.hibernate.engine.transaction.jta.platform.internal.NoJtaPlatform]
2022-10-22 11:32:06.058  INFO 28316 --- [restartedMain] j.LocalContainerEntityManagerFactoryBean : Initialized JPA EntityManagerFactory for persistence unit 'default'
2022-10-22 11:32:06.178  WARN 28316 --- [restartedMain] JpaBaseConfiguration$JpaWebConfiguration : spring.jpa.open-in-view is enabled by default. Therefore, database queries may be performed during view rendering. Explicitly configure spring.jpa.open-in-view to disable this warning
2022-10-22 11:32:06.227  INFO 28316 --- [restartedMain] pertySourcedRequestMappingHandlerMapping : Mapped URL path [/v2/api-docs] onto method [springfox.documentation.swagger2.web.Swagger2Controller#getDocumentation(String, HttpServletRequest)]
2022-10-22 11:32:06.258  INFO 28316 --- [restartedMain] o.s.b.d.a.OptionalLiveReloadServer       : LiveReload server is running on port 35729
2022-10-22 11:32:06.349  INFO 28316 --- [restartedMain] o.s.b.w.embedded.tomcat.TomcatWebServer  : Tomcat started on port(s): 8082 (http) with context path ''
2022-10-22 11:32:06.349  INFO 28316 --- [restartedMain] d.s.w.p.DocumentationPluginsBootstrapper : Context refreshed
2022-10-22 11:32:06.350  INFO 28316 --- [restartedMain] d.s.w.p.DocumentationPluginsBootstrapper : Found 1 custom documentation plugin(s)
2022-10-22 11:32:06.355  INFO 28316 --- [restartedMain] s.d.s.w.s.ApiListingReferenceScanner     : Scanning for api listing references
2022-10-22 11:32:06.379  INFO 28316 --- [restartedMain] c.e.EmployeeManageApplication            : Started EmployeeManageApplication in 1.069 seconds (JVM running for 2454.271)
2022-10-22 11:32:06.488  INFO 28316 --- [restartedMain] .ConditionEvaluationDeltaLoggingListener : Condition evaluation unchanged
2022-10-22 11:57:48.997  INFO 28316 --- [http-nio-8082-exec-1] o.a.c.c.C.[Tomcat].[localhost].[/]       : Initializing Spring DispatcherServlet 'dispatcherServlet'
2022-10-22 11:57:48.998  INFO 28316 --- [http-nio-8082-exec-1] o.s.web.servlet.DispatcherServlet        : Initializing Servlet 'dispatcherServlet'
2022-10-22 11:57:49.000  INFO 28316 --- [http-nio-8082-exec-1] o.s.web.servlet.DispatcherServlet        : Completed initialization in 2 ms
2022-10-22 12:09:17.607  INFO 28316 --- [RMI TCP Connection(80)-127.0.0.1] inMXBeanRegistrar$SpringApplicationAdmin : Application shutdown requested.
2022-10-22 12:09:17.633  INFO 28316 --- [RMI TCP Connection(80)-127.0.0.1] o.apache.catalina.core.StandardService   : Stopping service [Tomcat]
2022-10-22 12:09:17.633  INFO 28316 --- [RMI TCP Connection(80)-127.0.0.1] o.a.c.c.C.[Tomcat].[localhost].[/]       : Destroying Spring FrameworkServlet 'dispatcherServlet'
2022-10-22 12:09:17.639  INFO 28316 --- [RMI TCP Connection(80)-127.0.0.1] j.LocalContainerEntityManagerFactoryBean : Closing JPA EntityManagerFactory for persistence unit 'default'
2022-10-22 12:09:17.640  INFO 28316 --- [RMI TCP Connection(80)-127.0.0.1] com.zaxxer.hikari.HikariDataSource       : HikariPool-5 - Shutdown initiated...
2022-10-22 12:09:17.645  INFO 28316 --- [RMI TCP Connection(80)-127.0.0.1] com.zaxxer.hikari.HikariDataSource       : HikariPool-5 - Shutdown completed.
2022-10-22 12:12:47.823  INFO 33784 --- [restartedMain] c.e.EmployeeManageApplication            : Starting EmployeeManageApplication using Java 17.0.4.1 on DESKTOP-EJ3831I with PID 33784 (C:\Microsoft\Class\Projects\4. CSVgenerator\EmployeeManage\EmployeeManage\target\classes started by AAPLL1 in C:\Microsoft\Class\Projects\4. CSVgenerator\EmployeeManage\EmployeeManage)
2022-10-22 12:12:47.824  INFO 33784 --- [restartedMain] c.e.EmployeeManageApplication            : No active profile set, falling back to 1 default profile: "default"
2022-10-22 12:12:47.885  INFO 33784 --- [restartedMain] .e.DevToolsPropertyDefaultsPostProcessor : Devtools property defaults active! Set 'spring.devtools.add-properties' to 'false' to disable
2022-10-22 12:12:47.885  INFO 33784 --- [restartedMain] .e.DevToolsPropertyDefaultsPostProcessor : For additional web related logging consider setting the 'logging.level.web' property to 'DEBUG'
2022-10-22 12:12:48.601  INFO 33784 --- [restartedMain] .s.d.r.c.RepositoryConfigurationDelegate : Bootstrapping Spring Data JPA repositories in DEFAULT mode.
2022-10-22 12:12:48.650  INFO 33784 --- [restartedMain] .s.d.r.c.RepositoryConfigurationDelegate : Finished Spring Data repository scanning in 42 ms. Found 1 JPA repository interfaces.
2022-10-22 12:12:49.254  INFO 33784 --- [restartedMain] o.s.b.w.embedded.tomcat.TomcatWebServer  : Tomcat initialized with port(s): 8082 (http)
2022-10-22 12:12:49.272  INFO 33784 --- [restartedMain] o.apache.catalina.core.StandardService   : Starting service [Tomcat]
2022-10-22 12:12:49.272  INFO 33784 --- [restartedMain] org.apache.catalina.core.StandardEngine  : Starting Servlet engine: [Apache Tomcat/9.0.65]
2022-10-22 12:12:49.363  INFO 33784 --- [restartedMain] o.a.c.c.C.[Tomcat].[localhost].[/]       : Initializing Spring embedded WebApplicationContext
2022-10-22 12:12:49.363  INFO 33784 --- [restartedMain] w.s.c.ServletWebServerApplicationContext : Root WebApplicationContext: initialization completed in 1477 ms
2022-10-22 12:12:49.824  INFO 33784 --- [restartedMain] o.f.c.internal.license.VersionPrinter    : Flyway Community Edition 8.0.5 by Redgate
2022-10-22 12:12:49.824  INFO 33784 --- [restartedMain] o.f.c.i.database.base.BaseDatabaseType   : Database: jdbc:mysql://localhost:3306/EmployeeProject (MySQL 8.0)
2022-10-22 12:12:49.896  INFO 33784 --- [restartedMain] o.f.core.internal.command.DbValidate     : Successfully validated 2 migrations (execution time 00:00.031s)
2022-10-22 12:12:49.913  INFO 33784 --- [restartedMain] o.f.core.internal.command.DbMigrate      : Current version of schema `EmployeeProject`: 1.2
2022-10-22 12:12:49.914  WARN 33784 --- [restartedMain] o.f.core.internal.command.DbMigrate      : Schema `EmployeeProject` has a version (1.2) that is newer than the latest available migration (1.1) !
2022-10-22 12:12:49.915  INFO 33784 --- [restartedMain] o.f.core.internal.command.DbMigrate      : Schema `EmployeeProject` is up to date. No migration necessary.
2022-10-22 12:12:50.021  INFO 33784 --- [restartedMain] com.zaxxer.hikari.HikariDataSource       : HikariPool-1 - Starting...
2022-10-22 12:12:50.062  INFO 33784 --- [restartedMain] com.zaxxer.hikari.HikariDataSource       : HikariPool-1 - Start completed.
2022-10-22 12:12:50.117  INFO 33784 --- [restartedMain] o.hibernate.jpa.internal.util.LogHelper  : HHH000204: Processing PersistenceUnitInfo [name: default]
2022-10-22 12:12:50.178  INFO 33784 --- [restartedMain] org.hibernate.Version                    : HHH000412: Hibernate ORM core version 5.6.11.Final
2022-10-22 12:12:50.390  INFO 33784 --- [restartedMain] o.hibernate.annotations.common.Version   : HCANN000001: Hibernate Commons Annotations {5.1.2.Final}
2022-10-22 12:12:50.494  INFO 33784 --- [restartedMain] org.hibernate.dialect.Dialect            : HHH000400: Using dialect: org.hibernate.dialect.MySQLDialect
2022-10-22 12:12:51.053  INFO 33784 --- [restartedMain] o.h.e.t.j.p.i.JtaPlatformInitiator       : HHH000490: Using JtaPlatform implementation: [org.hibernate.engine.transaction.jta.platform.internal.NoJtaPlatform]
2022-10-22 12:12:51.065  INFO 33784 --- [restartedMain] j.LocalContainerEntityManagerFactoryBean : Initialized JPA EntityManagerFactory for persistence unit 'default'
2022-10-22 12:12:51.523  WARN 33784 --- [restartedMain] JpaBaseConfiguration$JpaWebConfiguration : spring.jpa.open-in-view is enabled by default. Therefore, database queries may be performed during view rendering. Explicitly configure spring.jpa.open-in-view to disable this warning
2022-10-22 12:12:51.641  INFO 33784 --- [restartedMain] pertySourcedRequestMappingHandlerMapping : Mapped URL path [/v2/api-docs] onto method [springfox.documentation.swagger2.web.Swagger2Controller#getDocumentation(String, HttpServletRequest)]
2022-10-22 12:12:51.716  INFO 33784 --- [restartedMain] o.s.b.d.a.OptionalLiveReloadServer       : LiveReload server is running on port 35729
2022-10-22 12:12:51.939  INFO 33784 --- [restartedMain] o.s.b.w.embedded.tomcat.TomcatWebServer  : Tomcat started on port(s): 8082 (http) with context path ''
2022-10-22 12:12:51.940  INFO 33784 --- [restartedMain] d.s.w.p.DocumentationPluginsBootstrapper : Context refreshed
2022-10-22 12:12:51.959  INFO 33784 --- [restartedMain] d.s.w.p.DocumentationPluginsBootstrapper : Found 1 custom documentation plugin(s)
2022-10-22 12:12:51.992  INFO 33784 --- [restartedMain] s.d.s.w.s.ApiListingReferenceScanner     : Scanning for api listing references
2022-10-22 12:12:52.123  INFO 33784 --- [restartedMain] c.e.EmployeeManageApplication            : Started EmployeeManageApplication in 4.706 seconds (JVM running for 5.491)
2022-10-22 12:13:03.505  INFO 33784 --- [http-nio-8082-exec-1] o.a.c.c.C.[Tomcat].[localhost].[/]       : Initializing Spring DispatcherServlet 'dispatcherServlet'
2022-10-22 12:13:03.505  INFO 33784 --- [http-nio-8082-exec-1] o.s.web.servlet.DispatcherServlet        : Initializing Servlet 'dispatcherServlet'
2022-10-22 12:13:03.507  INFO 33784 --- [http-nio-8082-exec-1] o.s.web.servlet.DispatcherServlet        : Completed initialization in 2 ms
2022-10-22 12:13:03.539  INFO 33784 --- [http-nio-8082-exec-1] c.e.controller.EmployeeController        : /emp/get method excecuted
2022-10-22 15:01:51.337  INFO 33784 --- [RMI TCP Connection(171)-127.0.0.1] inMXBeanRegistrar$SpringApplicationAdmin : Application shutdown requested.
2022-10-22 15:01:51.658  INFO 33784 --- [RMI TCP Connection(171)-127.0.0.1] o.apache.catalina.core.StandardService   : Stopping service [Tomcat]
2022-10-22 15:01:51.662  INFO 33784 --- [RMI TCP Connection(171)-127.0.0.1] o.a.c.c.C.[Tomcat].[localhost].[/]       : Destroying Spring FrameworkServlet 'dispatcherServlet'
2022-10-22 15:01:51.681  INFO 33784 --- [RMI TCP Connection(171)-127.0.0.1] j.LocalContainerEntityManagerFactoryBean : Closing JPA EntityManagerFactory for persistence unit 'default'
2022-10-22 15:01:51.688  INFO 33784 --- [RMI TCP Connection(171)-127.0.0.1] com.zaxxer.hikari.HikariDataSource       : HikariPool-1 - Shutdown initiated...
2022-10-22 15:01:51.693  INFO 33784 --- [RMI TCP Connection(171)-127.0.0.1] com.zaxxer.hikari.HikariDataSource       : HikariPool-1 - Shutdown completed.
2022-10-22 15:16:25.791  INFO 29128 --- [restartedMain] c.e.EmployeeManageApplication            : Starting EmployeeManageApplication using Java 17.0.4.1 on DESKTOP-EJ3831I with PID 29128 (C:\Microsoft\Class\Projects\4. CSVgenerator\EmployeeManage\EmployeeManage\target\classes started by AAPLL1 in C:\Microsoft\Class\Projects\4. CSVgenerator\EmployeeManage\EmployeeManage)
2022-10-22 15:16:25.792  INFO 29128 --- [restartedMain] c.e.EmployeeManageApplication            : No active profile set, falling back to 1 default profile: "default"
2022-10-22 15:16:25.833  INFO 29128 --- [restartedMain] .e.DevToolsPropertyDefaultsPostProcessor : Devtools property defaults active! Set 'spring.devtools.add-properties' to 'false' to disable
2022-10-22 15:16:25.834  INFO 29128 --- [restartedMain] .e.DevToolsPropertyDefaultsPostProcessor : For additional web related logging consider setting the 'logging.level.web' property to 'DEBUG'
2022-10-22 15:16:26.454  INFO 29128 --- [restartedMain] .s.d.r.c.RepositoryConfigurationDelegate : Bootstrapping Spring Data JPA repositories in DEFAULT mode.
2022-10-22 15:16:26.493  INFO 29128 --- [restartedMain] .s.d.r.c.RepositoryConfigurationDelegate : Finished Spring Data repository scanning in 32 ms. Found 1 JPA repository interfaces.
2022-10-22 15:16:26.982  INFO 29128 --- [restartedMain] o.s.b.w.embedded.tomcat.TomcatWebServer  : Tomcat initialized with port(s): 8082 (http)
2022-10-22 15:16:26.996  INFO 29128 --- [restartedMain] o.apache.catalina.core.StandardService   : Starting service [Tomcat]
2022-10-22 15:16:26.996  INFO 29128 --- [restartedMain] org.apache.catalina.core.StandardEngine  : Starting Servlet engine: [Apache Tomcat/9.0.65]
2022-10-22 15:16:27.061  INFO 29128 --- [restartedMain] o.a.c.c.C.[Tomcat].[localhost].[/]       : Initializing Spring embedded WebApplicationContext
2022-10-22 15:16:27.062  INFO 29128 --- [restartedMain] w.s.c.ServletWebServerApplicationContext : Root WebApplicationContext: initialization completed in 1228 ms
2022-10-22 15:16:27.503  INFO 29128 --- [restartedMain] o.f.c.internal.license.VersionPrinter    : Flyway Community Edition 8.0.5 by Redgate
2022-10-22 15:16:27.504  INFO 29128 --- [restartedMain] o.f.c.i.database.base.BaseDatabaseType   : Database: jdbc:mysql://localhost:3306/EmployeeProject (MySQL 8.0)
2022-10-22 15:16:27.545  INFO 29128 --- [restartedMain] o.f.core.internal.command.DbValidate     : Successfully validated 2 migrations (execution time 00:00.017s)
2022-10-22 15:16:27.555  INFO 29128 --- [restartedMain] o.f.core.internal.command.DbMigrate      : Current version of schema `EmployeeProject`: 1.2
2022-10-22 15:16:27.555  WARN 29128 --- [restartedMain] o.f.core.internal.command.DbMigrate      : Schema `EmployeeProject` has a version (1.2) that is newer than the latest available migration (1.1) !
2022-10-22 15:16:27.556  INFO 29128 --- [restartedMain] o.f.core.internal.command.DbMigrate      : Schema `EmployeeProject` is up to date. No migration necessary.
2022-10-22 15:16:27.615  INFO 29128 --- [restartedMain] com.zaxxer.hikari.HikariDataSource       : HikariPool-1 - Starting...
2022-10-22 15:16:27.637  INFO 29128 --- [restartedMain] com.zaxxer.hikari.HikariDataSource       : HikariPool-1 - Start completed.
2022-10-22 15:16:27.675  INFO 29128 --- [restartedMain] o.hibernate.jpa.internal.util.LogHelper  : HHH000204: Processing PersistenceUnitInfo [name: default]
2022-10-22 15:16:27.712  INFO 29128 --- [restartedMain] org.hibernate.Version                    : HHH000412: Hibernate ORM core version 5.6.11.Final
2022-10-22 15:16:27.848  INFO 29128 --- [restartedMain] o.hibernate.annotations.common.Version   : HCANN000001: Hibernate Commons Annotations {5.1.2.Final}
2022-10-22 15:16:27.936  INFO 29128 --- [restartedMain] org.hibernate.dialect.Dialect            : HHH000400: Using dialect: org.hibernate.dialect.MySQLDialect
2022-10-22 15:16:28.442  INFO 29128 --- [restartedMain] o.h.e.t.j.p.i.JtaPlatformInitiator       : HHH000490: Using JtaPlatform implementation: [org.hibernate.engine.transaction.jta.platform.internal.NoJtaPlatform]
2022-10-22 15:16:28.451  INFO 29128 --- [restartedMain] j.LocalContainerEntityManagerFactoryBean : Initialized JPA EntityManagerFactory for persistence unit 'default'
2022-10-22 15:16:28.807  WARN 29128 --- [restartedMain] JpaBaseConfiguration$JpaWebConfiguration : spring.jpa.open-in-view is enabled by default. Therefore, database queries may be performed during view rendering. Explicitly configure spring.jpa.open-in-view to disable this warning
2022-10-22 15:16:28.902  INFO 29128 --- [restartedMain] pertySourcedRequestMappingHandlerMapping : Mapped URL path [/v2/api-docs] onto method [springfox.documentation.swagger2.web.Swagger2Controller#getDocumentation(String, HttpServletRequest)]
2022-10-22 15:16:28.970  INFO 29128 --- [restartedMain] o.s.b.d.a.OptionalLiveReloadServer       : LiveReload server is running on port 35729
2022-10-22 15:16:29.152  INFO 29128 --- [restartedMain] o.s.b.w.embedded.tomcat.TomcatWebServer  : Tomcat started on port(s): 8082 (http) with context path ''
2022-10-22 15:16:29.152  INFO 29128 --- [restartedMain] d.s.w.p.DocumentationPluginsBootstrapper : Context refreshed
2022-10-22 15:16:29.166  INFO 29128 --- [restartedMain] d.s.w.p.DocumentationPluginsBootstrapper : Found 1 custom documentation plugin(s)
2022-10-22 15:16:29.194  INFO 29128 --- [restartedMain] s.d.s.w.s.ApiListingReferenceScanner     : Scanning for api listing references
2022-10-22 15:16:29.310  INFO 29128 --- [restartedMain] c.e.EmployeeManageApplication            : Started EmployeeManageApplication in 3.865 seconds (JVM running for 4.468)
2022-10-22 15:17:23.939  INFO 29128 --- [http-nio-8082-exec-1] o.a.c.c.C.[Tomcat].[localhost].[/]       : Initializing Spring DispatcherServlet 'dispatcherServlet'
2022-10-22 15:17:23.939  INFO 29128 --- [http-nio-8082-exec-1] o.s.web.servlet.DispatcherServlet        : Initializing Servlet 'dispatcherServlet'
2022-10-22 15:17:23.941  INFO 29128 --- [http-nio-8082-exec-1] o.s.web.servlet.DispatcherServlet        : Completed initialization in 1 ms
2022-10-22 15:17:24.113  INFO 29128 --- [http-nio-8082-exec-1] c.e.controller.EmployeeController        : saveEmployee method from EmployeeServiceImpl class executed successfully for employee id 859
2022-10-22 15:17:24.114  INFO 29128 --- [http-nio-8082-exec-1] c.e.controller.EmployeeController        : /emp/save method excecuted successfully
2022-10-22 15:17:27.075  WARN 29128 --- [http-nio-8082-exec-3] c.e.controller.EmployeeController        : saveEmployee method from EmployeeServiceImpl class found error beacause employee is present in DB with id null
2022-10-22 15:18:28.788  INFO 29128 --- [http-nio-8082-exec-6] c.e.controller.EmployeeController        : /emp/get method excecuted successfully
2022-10-22 15:18:28.795  INFO 29128 --- [http-nio-8082-exec-6] c.e.controller.EmployeeController        : getAllEmployee method from EmployeeServiceImpl class executed successfully
2022-10-22 15:19:28.710  INFO 29128 --- [http-nio-8082-exec-9] c.e.controller.EmployeeController        : deleteEmployee method from EmployeeServiceImpl class executed successfully for employee id 857
2022-10-22 15:19:28.710  INFO 29128 --- [http-nio-8082-exec-9] c.e.controller.EmployeeController        : /emp/delete method excecuted successfully with id 857
2022-10-22 15:23:40.435  INFO 29128 --- [RMI TCP Connection(11)-127.0.0.1] inMXBeanRegistrar$SpringApplicationAdmin : Application shutdown requested.
2022-10-22 15:23:40.450  INFO 29128 --- [RMI TCP Connection(11)-127.0.0.1] o.apache.catalina.core.StandardService   : Stopping service [Tomcat]
2022-10-22 15:23:40.451  INFO 29128 --- [RMI TCP Connection(11)-127.0.0.1] o.a.c.c.C.[Tomcat].[localhost].[/]       : Destroying Spring FrameworkServlet 'dispatcherServlet'
2022-10-22 15:23:40.459  INFO 29128 --- [RMI TCP Connection(11)-127.0.0.1] j.LocalContainerEntityManagerFactoryBean : Closing JPA EntityManagerFactory for persistence unit 'default'
2022-10-22 15:23:40.462  INFO 29128 --- [RMI TCP Connection(11)-127.0.0.1] com.zaxxer.hikari.HikariDataSource       : HikariPool-1 - Shutdown initiated...
2022-10-22 15:23:40.468  INFO 29128 --- [RMI TCP Connection(11)-127.0.0.1] com.zaxxer.hikari.HikariDataSource       : HikariPool-1 - Shutdown completed.
